<?xml version="1.0" encoding="utf-8"?><testsuites><testsuite name="pytest" errors="0" failures="0" skipped="1" tests="134" time="48.180" timestamp="2025-01-26T18:02:06.899114+00:00" hostname="fv-az802-553"><testcase classname="test.test_detect_language" name="test_detect_language_from_str[en-The quick brown fox jumps over the lazy dog-HIGH-0.9]" time="2.098" /><testcase classname="test.test_detect_language" name="test_detect_language_from_str[es-El r\xe1pido zorro marr\xf3n salta sobre el perro perezoso-HIGH-0.9]" time="0.038" /><testcase classname="test.test_detect_language" name="test_detect_language_from_str[de-Der schnelle braune Fuchs springt \xfcber den faulen Hund-HIGH-0.9]" time="0.025" /><testcase classname="test.test_detect_language" name="test_detect_language_from_str_compare_with_tika_server[en-The quick brown fox jumps over the lazy dog-HIGH-0.9]" time="15.644" /><testcase classname="test.test_detect_language" name="test_detect_language_from_str_compare_with_tika_server[es-El r\xe1pido zorro marr\xf3n salta sobre el perro perezoso-HIGH-0.9]" time="0.057" /><testcase classname="test.test_detect_language" name="test_detect_language_from_str_compare_with_tika_server[de-Der schnelle braune Fuchs springt \xfcber den faulen Hund-HIGH-0.9]" time="0.184" /><testcase classname="test.test_detect_mime_type.TestDetectMimeType" name="test_detect_mime_type_path[txt-plain.txt-Hello world-text/plain]" time="0.099" /><testcase classname="test.test_detect_mime_type.TestDetectMimeType" name="test_detect_mime_type_path[html-page.html-&lt;html&gt;&lt;body&gt;Hello&lt;/body&gt;&lt;/html&gt;-text/html]" time="0.033" /><testcase classname="test.test_detect_mime_type.TestDetectMimeType" name="test_detect_mime_type_path[xml-config.xml-&lt;?xml version='1.0'?&gt;&lt;root&gt;&lt;/root&gt;-application/xml]" time="0.031" /><testcase classname="test.test_detect_mime_type.TestDetectMimeType" name="test_detect_mime_type_str[txt-plain.txt-Hello world-text/plain]" time="0.031" /><testcase classname="test.test_detect_mime_type.TestDetectMimeType" name="test_detect_mime_type_str[html-page.html-&lt;html&gt;&lt;body&gt;Hello&lt;/body&gt;&lt;/html&gt;-text/html]" time="0.029" /><testcase classname="test.test_detect_mime_type.TestDetectMimeType" name="test_detect_mime_type_str[xml-config.xml-&lt;?xml version='1.0'?&gt;&lt;root&gt;&lt;/root&gt;-application/xml]" time="0.029" /><testcase classname="test.test_detect_mime_type.TestDetectMimeType" name="test_detect_mime_type_bytes[Hello world-text/plain]" time="0.028" /><testcase classname="test.test_detect_mime_type.TestDetectMimeType" name="test_detect_mime_type_bytes[&lt;html&gt;&lt;body&gt;Hello&lt;/body&gt;&lt;/html&gt;-text/html]" time="0.026" /><testcase classname="test.test_detect_mime_type.TestDetectMimeType" name="test_detect_mime_type_bytes[&lt;?xml version='1.0'?&gt;&lt;root&gt;&lt;/root&gt;-application/xml]" time="0.026" /><testcase classname="test.test_detect_mime_type.TestDetectMimeType" name="test_detect_mime_type_binary_io[Hello world-text/plain]" time="0.031" /><testcase classname="test.test_detect_mime_type.TestDetectMimeType" name="test_detect_mime_type_binary_io[&lt;html&gt;&lt;body&gt;Hello&lt;/body&gt;&lt;/html&gt;-text/html]" time="0.143" /><testcase classname="test.test_detect_mime_type.TestDetectMimeType" name="test_detect_mime_type_binary_io[&lt;?xml version='1.0'?&gt;&lt;root&gt;&lt;/root&gt;-application/xml]" time="0.023" /><testcase classname="test.test_detect_mime_type.TestDetectMimeType" name="test_detect_mime_type_invalid_type" time="0.018" /><testcase classname="test.test_detect_mime_type.TestDetectMimeType" name="test_detect_mime_type_nonexistent_file" time="0.019" /><testcase classname="test.test_detect_mime_type.TestDetectMimeType" name="test_detect_mime_type_compare_with_tika_server[txt-plain.txt-Hello world-text/plain]" time="2.424" /><testcase classname="test.test_detect_mime_type.TestDetectMimeType" name="test_detect_mime_type_compare_with_tika_server[html-page.html-&lt;html&gt;&lt;body&gt;Hello&lt;/body&gt;&lt;/html&gt;-text/html]" time="0.049" /><testcase classname="test.test_detect_mime_type.TestDetectMimeType" name="test_detect_mime_type_compare_with_tika_server[xml-config.xml-&lt;?xml version='1.0'?&gt;&lt;root&gt;&lt;/root&gt;-application/xml]" time="0.170" /><testcase classname="test.test_java_util" name="test_jvm_classpath" time="0.017" /><testcase classname="test.test_java_util.TestJavaReaderWrapper" name="test_read_all_at_once" time="0.003" /><testcase classname="test.test_java_util.TestJavaReaderWrapper" name="test_read_in_chunks" time="0.001" /><testcase classname="test.test_java_util.TestJavaReaderWrapper" name="test_read_empty" time="0.001" /><testcase classname="test.test_java_util.TestJavaReaderWrapper" name="test_read_unicode" time="0.001" /><testcase classname="test.test_java_util.TestJavaReaderWrapper" name="test_read_zero_bytes" time="0.001" /><testcase classname="test.test_java_util.TestJavaReaderWrapper" name="test_multiple_reads" time="0.001" /><testcase classname="test.test_java_util.TestJavaReaderWrapper" name="test_large_data" time="0.002" /><testcase classname="test.test_java_util.TestJavaReaderWrapper" name="test_read_past_eof" time="0.001" /><testcase classname="test.test_java_util.TestJavaReaderWrapper" name="test_small_buffer_size" time="0.001" /><testcase classname="test.test_java_util.TestJavaReaderWrapper" name="test_reader_close" time="0.002" /><testcase classname="test.test_java_util.TestJavaReaderWrapper" name="test_contextmanager_close" time="0.001" /><testcase classname="test.test_java_util.TestJavaReaderWrapper" name="test_readline" time="0.001" /><testcase classname="test.test_java_util.TestJavaReaderWrapper" name="test_readlines" time="0.001" /><testcase classname="test.test_java_util.TestReadToString" name="test_read_to_string_basic" time="0.002" /><testcase classname="test.test_java_util.TestReadToString" name="test_read_to_string_empty" time="0.001" /><testcase classname="test.test_java_util.TestReadToString" name="test_read_to_string_unicode" time="0.001" /><testcase classname="test.test_java_util.TestReadToString" name="test_read_to_string_large_data" time="0.001" /><testcase classname="test.test_java_util.TestReadToString" name="test_read_to_string_multiline" time="0.001" /><testcase classname="test.test_java_util.TestStreamToFile" name="test_stream_to_file_basic" time="0.002" /><testcase classname="test.test_java_util.TestStreamToFile" name="test_stream_to_file_empty" time="0.001" /><testcase classname="test.test_java_util.TestStreamToFile" name="test_stream_to_file_unicode" time="0.001" /><testcase classname="test.test_java_util.TestStreamToFile" name="test_stream_to_file_large_data" time="0.002" /><testcase classname="test.test_java_util.TestStreamToFile" name="test_stream_to_file_overwrites_existing" time="0.001" /><testcase classname="test.test_java_util.TestStreamToFile" name="test_stream_to_file_invalid_path" time="0.001" /><testcase classname="test.test_java_util.TestPipeToStream" name="test_pipe_to_basic" time="0.001" /><testcase classname="test.test_java_util.TestPipeToStream" name="test_pipe_to_read_chunks" time="0.001" /><testcase classname="test.test_java_util.TestPipeToStream" name="test_pipe_to_empty" time="0.001" /><testcase classname="test.test_java_util.TestPipeToStream" name="test_pipe_to_unicode" time="0.001" /><testcase classname="test.test_java_util.TestPipeToStream" name="test_pipe_to_large_data" time="0.002" /><testcase classname="test.test_java_util.TestPipeToStream" name="test_pipe_to_closed_reader" time="0.001" /><testcase classname="test.test_java_util.TestWrapPythonStream" name="test_basic_streaming" time="0.001" /><testcase classname="test.test_java_util.TestWrapPythonStream" name="test_large_data_streaming" time="0.122" /><testcase classname="test.test_java_util.TestWrapPythonStream" name="test_empty_stream" time="0.001" /><testcase classname="test.test_java_util.TestWrapPythonStream" name="test_binary_data" time="0.002" /><testcase classname="test.test_java_util.TestWrapPythonStream" name="test_stream_closes_properly" time="0.001" /><testcase classname="test.test_java_util.TestWrapPythonStream" name="test_partial_reads" time="0.001" /><testcase classname="test.test_java_util.TestWrapPythonStream" name="test_concurrent_access" time="0.124" /><testcase classname="test.test_java_util" name="test_creates_parent_directories" time="0.003" /><testcase classname="test.test_java_util" name="test_append_mode" time="0.002" /><testcase classname="test.test_java_util" name="test_str_path_handling" time="0.002" /><testcase classname="test.test_java_util" name="test_file_stream_handles_binary" time="0.002" /><testcase classname="test.test_parse" name="test_parse_to_string_input_types[string]" time="0.823" /><testcase classname="test.test_parse" name="test_parse_to_string_input_types[path]" time="0.151" /><testcase classname="test.test_parse" name="test_parse_to_string_input_types[bytes]" time="0.337" /><testcase classname="test.test_parse" name="test_parse_to_string_input_types[stream]" time="0.208" /><testcase classname="test.test_parse" name="test_parse_to_file_combinations[string-txt]" time="0.090" /><testcase classname="test.test_parse" name="test_parse_to_file_combinations[string-xhtml]" time="0.084" /><testcase classname="test.test_parse" name="test_parse_to_file_combinations[path-txt]" time="0.082" /><testcase classname="test.test_parse" name="test_parse_to_file_combinations[path-xhtml]" time="0.075" /><testcase classname="test.test_parse" name="test_parse_to_file_combinations[bytes-txt]" time="0.111" /><testcase classname="test.test_parse" name="test_parse_to_file_combinations[bytes-xhtml]" time="0.107" /><testcase classname="test.test_parse" name="test_parse_to_file_combinations[stream-txt]" time="0.111" /><testcase classname="test.test_parse" name="test_parse_to_file_combinations[stream-xhtml]" time="0.191" /><testcase classname="test.test_parse" name="test_parse_to_stream_with_content_type[None-string-txt]" time="0.063" /><testcase classname="test.test_parse" name="test_parse_to_stream_with_content_type[None-string-xhtml]" time="0.061" /><testcase classname="test.test_parse" name="test_parse_to_stream_with_content_type[None-path-txt]" time="0.055" /><testcase classname="test.test_parse" name="test_parse_to_stream_with_content_type[None-path-xhtml]" time="0.061" /><testcase classname="test.test_parse" name="test_parse_to_stream_with_content_type[None-bytes-txt]" time="0.095" /><testcase classname="test.test_parse" name="test_parse_to_stream_with_content_type[None-bytes-xhtml]" time="0.092" /><testcase classname="test.test_parse" name="test_parse_to_stream_with_content_type[None-stream-txt]" time="0.095" /><testcase classname="test.test_parse" name="test_parse_to_stream_with_content_type[None-stream-xhtml]" time="0.114" /><testcase classname="test.test_parse" name="test_parse_to_stream_with_content_type[application/vnd.openxmlformats-officedocument.wordprocessingml.document-string-txt]" time="0.072" /><testcase classname="test.test_parse" name="test_parse_to_stream_with_content_type[application/vnd.openxmlformats-officedocument.wordprocessingml.document-string-xhtml]" time="0.071" /><testcase classname="test.test_parse" name="test_parse_to_stream_with_content_type[application/vnd.openxmlformats-officedocument.wordprocessingml.document-path-txt]" time="0.072" /><testcase classname="test.test_parse" name="test_parse_to_stream_with_content_type[application/vnd.openxmlformats-officedocument.wordprocessingml.document-path-xhtml]" time="0.092" /><testcase classname="test.test_parse" name="test_parse_to_stream_with_content_type[application/vnd.openxmlformats-officedocument.wordprocessingml.document-bytes-txt]" time="0.115" /><testcase classname="test.test_parse" name="test_parse_to_stream_with_content_type[application/vnd.openxmlformats-officedocument.wordprocessingml.document-bytes-xhtml]" time="0.097" /><testcase classname="test.test_parse" name="test_parse_to_stream_with_content_type[application/vnd.openxmlformats-officedocument.wordprocessingml.document-stream-txt]" time="0.087" /><testcase classname="test.test_parse" name="test_parse_to_stream_with_content_type[application/vnd.openxmlformats-officedocument.wordprocessingml.document-stream-xhtml]" time="0.087" /><testcase classname="test.test_parse" name="test_parse_with_invalid_input" time="0.018" /><testcase classname="test.test_parse" name="test_parse_with_nonexistent_file" time="0.016" /><testcase classname="test.test_parse" name="test_parse_with_default_output_format[invalid]" time="0.051" /><testcase classname="test.test_parse" name="test_parse_with_default_output_format[pdf]" time="0.045" /><testcase classname="test.test_parse" name="test_parse_with_default_output_format[doc]" time="0.046" /><testcase classname="test.test_parse" name="test_parse_different_file_types[application/vnd.openxmlformats-officedocument.wordprocessingml.document-demo_docx]" time="0.057" /><testcase classname="test.test_parse" name="test_parse_different_file_types[application/pdf-test_pdf_child_attachments]" time="2.886" /><testcase classname="test.test_parse" name="test_parse_different_file_types[text/plain-basic_txt]" time="0.021" /><testcase classname="test.test_parse" name="test_parse_different_file_types[text/html-basic_html]" time="0.055" /><testcase classname="test.test_parse" name="test_parse_metadata_compare_with_tika_server[string-demo_docx-application/vnd.openxmlformats-officedocument.wordprocessingml.document-expected_missing0]" time="3.411" /><testcase classname="test.test_parse" name="test_parse_metadata_compare_with_tika_server[file-demo_docx-application/vnd.openxmlformats-officedocument.wordprocessingml.document-expected_missing1]" time="0.311" /><testcase classname="test.test_parse" name="test_parse_metadata_compare_with_tika_server[stream-demo_docx-application/vnd.openxmlformats-officedocument.wordprocessingml.document-expected_missing2]" time="0.406" /><testcase classname="test.test_parse" name="test_parse_metadata_compare_with_tika_server[string-test_pdf_child_attachments-application/pdf-expected_missing3]" time="4.253" /><testcase classname="test.test_parse" name="test_parse_metadata_compare_with_tika_server[file-test_pdf_child_attachments-application/pdf-expected_missing4]" time="2.819" /><testcase classname="test.test_parse" name="test_parse_metadata_compare_with_tika_server[stream-test_pdf_child_attachments-application/pdf-expected_missing5]" time="2.356" /><testcase classname="test.test_parse" name="test_parse_content_compare_with_tika_server[string]" time="0.226" /><testcase classname="test.test_parse" name="test_parse_content_compare_with_tika_server[path]" time="0.244" /><testcase classname="test.test_parse" name="test_parse_content_compare_with_tika_server[bytes]" time="0.264" /><testcase classname="test.test_parse" name="test_parse_content_compare_with_tika_server[stream]" time="0.276" /><testcase classname="test.test_parse" name="test_parse_custom_parser_and_detector[demo_docx-application/vnd.openxmlformats-officedocument.wordprocessingml.document-DefaultParser]" time="0.161" /><testcase classname="test.test_parse" name="test_parse_custom_parser_and_detector[readme-text/markdown-jdk.proxy]" time="0.191" /><testcase classname="test.test_tika_util" name="test_metadata_to_dict" time="0.001" /><testcase classname="test.test_tika_util" name="test_tikara_unpacked_item" time="0.001" /><testcase classname="test.test_tika_util" name="test_language_confidence_enum" time="0.001" /><testcase classname="test.test_tika_util" name="test_tika_input_stream_with_path" time="0.002" /><testcase classname="test.test_tika_util" name="test_tika_input_stream_with_bytes" time="0.001" /><testcase classname="test.test_tika_util" name="test_tika_input_stream_with_binary_io" time="0.001" /><testcase classname="test.test_tika_util" name="test_tika_input_stream_invalid_input" time="0.001" /><testcase classname="test.test_tika_util.TestRecursiveEmbeddedDocumentExtractor" name="test_parse_embedded_basic" time="0.005" /><testcase classname="test.test_tika_util.TestRecursiveEmbeddedDocumentExtractor" name="test_parse_embedded_max_depth" time="0.002" /><testcase classname="test.test_tika_util.TestRecursiveEmbeddedDocumentExtractor" name="test_should_parse_embedded" time="0.002" /><testcase classname="test.test_unpack" name="test_unpack_docx_with_embedded_files[test_recursive_embedded_docx-expected_embedded_file_names0-1]" time="0.195" /><testcase classname="test.test_unpack" name="test_unpack_docx_with_embedded_files[test_recursive_embedded_docx-expected_embedded_file_names1-2]" time="0.102" /><testcase classname="test.test_unpack" name="test_unpack_docx_with_embedded_files[demo_docx-expected_embedded_file_names2-1]" time="0.097" /><testcase classname="test.test_unpack" name="test_unpack_docx_with_embedded_files[demo_docx-expected_embedded_file_names3-2]" time="0.090" /><testcase classname="test.test_unpack" name="test_unpack_docx_with_embedded_files[basic_txt-expected_embedded_file_names4-1]" time="0.020" /><testcase classname="test.test_unpack" name="test_unpack_docx_with_embedded_files[basic_txt-expected_embedded_file_names5-2]" time="0.020" /><testcase classname="test.test_unpack" name="test_unpack_nonexistent_file" time="0.019" /><testcase classname="test.test_unpack" name="test_unpack_compare_with_tika_server[test_recursive_embedded_docx-expected_embedded_file_names0]" time="2.931" /><testcase classname="test.test_unpack" name="test_unpack_compare_with_tika_server[demo_docx-expected_embedded_file_names1]" time="0.509" /><testcase classname="test.test_unpack" name="test_unpack_compare_with_tika_server[basic_txt-expected_embedded_file_names2]" time="0.144"><skipped type="pytest.skip" message="No embedded files to test">/home/runner/work/tikara/tikara/test/test_unpack.py:100: No embedded files to test</skipped></testcase></testsuite></testsuites>