<?xml version="1.0" encoding="utf-8"?><testsuites><testsuite name="pytest" errors="0" failures="0" skipped="1" tests="158" time="36.555" timestamp="2025-01-26T16:29:03.507819-05:00" hostname="ubu"><testcase classname="test.test_detect_language" name="test_detect_language_from_str[en-The quick brown fox jumps over the lazy dog-HIGH-0.9]" time="1.111" /><testcase classname="test.test_detect_language" name="test_detect_language_from_str[es-El r\xe1pido zorro marr\xf3n salta sobre el perro perezoso-HIGH-0.9]" time="0.002" /><testcase classname="test.test_detect_language" name="test_detect_language_from_str[de-Der schnelle braune Fuchs springt \xfcber den faulen Hund-HIGH-0.9]" time="0.001" /><testcase classname="test.test_detect_language" name="test_detect_language_from_str_compare_with_tika_server[en-The quick brown fox jumps over the lazy dog-HIGH-0.9]" time="1.810" /><testcase classname="test.test_detect_language" name="test_detect_language_from_str_compare_with_tika_server[es-El r\xe1pido zorro marr\xf3n salta sobre el perro perezoso-HIGH-0.9]" time="0.007" /><testcase classname="test.test_detect_language" name="test_detect_language_from_str_compare_with_tika_server[de-Der schnelle braune Fuchs springt \xfcber den faulen Hund-HIGH-0.9]" time="0.005" /><testcase classname="test.test_detect_mime_type.TestDetectMimeType" name="test_detect_mime_type_path[txt-plain.txt-Hello world-text/plain]" time="0.259" /><testcase classname="test.test_detect_mime_type.TestDetectMimeType" name="test_detect_mime_type_path[html-page.html-&lt;html&gt;&lt;body&gt;Hello&lt;/body&gt;&lt;/html&gt;-text/html]" time="0.003" /><testcase classname="test.test_detect_mime_type.TestDetectMimeType" name="test_detect_mime_type_path[xml-config.xml-&lt;?xml version='1.0'?&gt;&lt;root&gt;&lt;/root&gt;-application/xml]" time="0.002" /><testcase classname="test.test_detect_mime_type.TestDetectMimeType" name="test_detect_mime_type_str[txt-plain.txt-Hello world-text/plain]" time="0.002" /><testcase classname="test.test_detect_mime_type.TestDetectMimeType" name="test_detect_mime_type_str[html-page.html-&lt;html&gt;&lt;body&gt;Hello&lt;/body&gt;&lt;/html&gt;-text/html]" time="0.002" /><testcase classname="test.test_detect_mime_type.TestDetectMimeType" name="test_detect_mime_type_str[xml-config.xml-&lt;?xml version='1.0'?&gt;&lt;root&gt;&lt;/root&gt;-application/xml]" time="0.002" /><testcase classname="test.test_detect_mime_type.TestDetectMimeType" name="test_detect_mime_type_bytes[Hello world-text/plain]" time="0.001" /><testcase classname="test.test_detect_mime_type.TestDetectMimeType" name="test_detect_mime_type_bytes[&lt;html&gt;&lt;body&gt;Hello&lt;/body&gt;&lt;/html&gt;-text/html]" time="0.001" /><testcase classname="test.test_detect_mime_type.TestDetectMimeType" name="test_detect_mime_type_bytes[&lt;?xml version='1.0'?&gt;&lt;root&gt;&lt;/root&gt;-application/xml]" time="0.002" /><testcase classname="test.test_detect_mime_type.TestDetectMimeType" name="test_detect_mime_type_binary_io[Hello world-text/plain]" time="0.003" /><testcase classname="test.test_detect_mime_type.TestDetectMimeType" name="test_detect_mime_type_binary_io[&lt;html&gt;&lt;body&gt;Hello&lt;/body&gt;&lt;/html&gt;-text/html]" time="0.001" /><testcase classname="test.test_detect_mime_type.TestDetectMimeType" name="test_detect_mime_type_binary_io[&lt;?xml version='1.0'?&gt;&lt;root&gt;&lt;/root&gt;-application/xml]" time="0.002" /><testcase classname="test.test_detect_mime_type.TestDetectMimeType" name="test_detect_mime_type_invalid_type" time="0.001" /><testcase classname="test.test_detect_mime_type.TestDetectMimeType" name="test_detect_mime_type_nonexistent_file" time="0.000" /><testcase classname="test.test_detect_mime_type.TestDetectMimeType" name="test_detect_mime_type_compare_with_tika_server[txt-plain.txt-Hello world-text/plain]" time="0.028" /><testcase classname="test.test_detect_mime_type.TestDetectMimeType" name="test_detect_mime_type_compare_with_tika_server[html-page.html-&lt;html&gt;&lt;body&gt;Hello&lt;/body&gt;&lt;/html&gt;-text/html]" time="0.009" /><testcase classname="test.test_detect_mime_type.TestDetectMimeType" name="test_detect_mime_type_compare_with_tika_server[xml-config.xml-&lt;?xml version='1.0'?&gt;&lt;root&gt;&lt;/root&gt;-application/xml]" time="0.008" /><testcase classname="test.test_java_util" name="test_jvm_classpath" time="0.224" /><testcase classname="test.test_java_util.TestJavaReaderWrapper" name="test_read_all_at_once" time="0.002" /><testcase classname="test.test_java_util.TestJavaReaderWrapper" name="test_read_in_chunks" time="0.001" /><testcase classname="test.test_java_util.TestJavaReaderWrapper" name="test_read_empty" time="0.000" /><testcase classname="test.test_java_util.TestJavaReaderWrapper" name="test_read_unicode" time="0.001" /><testcase classname="test.test_java_util.TestJavaReaderWrapper" name="test_read_zero_bytes" time="0.000" /><testcase classname="test.test_java_util.TestJavaReaderWrapper" name="test_multiple_reads" time="0.000" /><testcase classname="test.test_java_util.TestJavaReaderWrapper" name="test_large_data" time="0.001" /><testcase classname="test.test_java_util.TestJavaReaderWrapper" name="test_read_past_eof" time="0.000" /><testcase classname="test.test_java_util.TestJavaReaderWrapper" name="test_small_buffer_size" time="0.001" /><testcase classname="test.test_java_util.TestJavaReaderWrapper" name="test_reader_close" time="0.001" /><testcase classname="test.test_java_util.TestJavaReaderWrapper" name="test_contextmanager_close" time="0.001" /><testcase classname="test.test_java_util.TestJavaReaderWrapper" name="test_readline" time="0.001" /><testcase classname="test.test_java_util.TestJavaReaderWrapper" name="test_readlines" time="0.001" /><testcase classname="test.test_java_util.TestReadToString" name="test_read_to_string_basic" time="0.001" /><testcase classname="test.test_java_util.TestReadToString" name="test_read_to_string_empty" time="0.000" /><testcase classname="test.test_java_util.TestReadToString" name="test_read_to_string_unicode" time="0.000" /><testcase classname="test.test_java_util.TestReadToString" name="test_read_to_string_large_data" time="0.001" /><testcase classname="test.test_java_util.TestReadToString" name="test_read_to_string_multiline" time="0.000" /><testcase classname="test.test_java_util.TestStreamToFile" name="test_stream_to_file_basic" time="0.001" /><testcase classname="test.test_java_util.TestStreamToFile" name="test_stream_to_file_empty" time="0.001" /><testcase classname="test.test_java_util.TestStreamToFile" name="test_stream_to_file_unicode" time="0.001" /><testcase classname="test.test_java_util.TestStreamToFile" name="test_stream_to_file_large_data" time="0.001" /><testcase classname="test.test_java_util.TestStreamToFile" name="test_stream_to_file_overwrites_existing" time="0.015" /><testcase classname="test.test_java_util.TestStreamToFile" name="test_stream_to_file_invalid_path" time="0.001" /><testcase classname="test.test_java_util.TestPipeToStream" name="test_pipe_to_basic" time="0.001" /><testcase classname="test.test_java_util.TestPipeToStream" name="test_pipe_to_read_chunks" time="0.001" /><testcase classname="test.test_java_util.TestPipeToStream" name="test_pipe_to_empty" time="0.001" /><testcase classname="test.test_java_util.TestPipeToStream" name="test_pipe_to_unicode" time="0.001" /><testcase classname="test.test_java_util.TestPipeToStream" name="test_pipe_to_large_data" time="0.001" /><testcase classname="test.test_java_util.TestPipeToStream" name="test_pipe_to_closed_reader" time="0.001" /><testcase classname="test.test_java_util.TestWrapPythonStream" name="test_basic_streaming" time="0.001" /><testcase classname="test.test_java_util.TestWrapPythonStream" name="test_large_data_streaming" time="0.067" /><testcase classname="test.test_java_util.TestWrapPythonStream" name="test_empty_stream" time="0.001" /><testcase classname="test.test_java_util.TestWrapPythonStream" name="test_binary_data" time="0.001" /><testcase classname="test.test_java_util.TestWrapPythonStream" name="test_stream_closes_properly" time="0.001" /><testcase classname="test.test_java_util.TestWrapPythonStream" name="test_partial_reads" time="0.001" /><testcase classname="test.test_java_util.TestWrapPythonStream" name="test_concurrent_access" time="0.065" /><testcase classname="test.test_java_util" name="test_creates_parent_directories" time="0.002" /><testcase classname="test.test_java_util" name="test_append_mode" time="0.001" /><testcase classname="test.test_java_util" name="test_str_path_handling" time="0.001" /><testcase classname="test.test_java_util" name="test_file_stream_handles_binary" time="0.001" /><testcase classname="test.test_parse" name="test_parse_to_string_input_types[string]" time="0.880" /><testcase classname="test.test_parse" name="test_parse_to_string_input_types[path]" time="0.319" /><testcase classname="test.test_parse" name="test_parse_to_string_input_types[bytes]" time="0.359" /><testcase classname="test.test_parse" name="test_parse_to_string_input_types[stream]" time="0.336" /><testcase classname="test.test_parse" name="test_parse_to_file_combinations[string-txt]" time="0.303" /><testcase classname="test.test_parse" name="test_parse_to_file_combinations[string-xhtml]" time="0.310" /><testcase classname="test.test_parse" name="test_parse_to_file_combinations[path-txt]" time="0.299" /><testcase classname="test.test_parse" name="test_parse_to_file_combinations[path-xhtml]" time="0.293" /><testcase classname="test.test_parse" name="test_parse_to_file_combinations[bytes-txt]" time="0.333" /><testcase classname="test.test_parse" name="test_parse_to_file_combinations[bytes-xhtml]" time="0.321" /><testcase classname="test.test_parse" name="test_parse_to_file_combinations[stream-txt]" time="0.315" /><testcase classname="test.test_parse" name="test_parse_to_file_combinations[stream-xhtml]" time="0.332" /><testcase classname="test.test_parse" name="test_parse_to_stream_with_content_type[None-string-txt]" time="0.296" /><testcase classname="test.test_parse" name="test_parse_to_stream_with_content_type[None-string-xhtml]" time="0.296" /><testcase classname="test.test_parse" name="test_parse_to_stream_with_content_type[None-path-txt]" time="0.293" /><testcase classname="test.test_parse" name="test_parse_to_stream_with_content_type[None-path-xhtml]" time="0.293" /><testcase classname="test.test_parse" name="test_parse_to_stream_with_content_type[None-bytes-txt]" time="0.321" /><testcase classname="test.test_parse" name="test_parse_to_stream_with_content_type[None-bytes-xhtml]" time="0.319" /><testcase classname="test.test_parse" name="test_parse_to_stream_with_content_type[None-stream-txt]" time="0.323" /><testcase classname="test.test_parse" name="test_parse_to_stream_with_content_type[None-stream-xhtml]" time="0.323" /><testcase classname="test.test_parse" name="test_parse_to_stream_with_content_type[application/vnd.openxmlformats-officedocument.wordprocessingml.document-string-txt]" time="0.290" /><testcase classname="test.test_parse" name="test_parse_to_stream_with_content_type[application/vnd.openxmlformats-officedocument.wordprocessingml.document-string-xhtml]" time="0.292" /><testcase classname="test.test_parse" name="test_parse_to_stream_with_content_type[application/vnd.openxmlformats-officedocument.wordprocessingml.document-path-txt]" time="0.297" /><testcase classname="test.test_parse" name="test_parse_to_stream_with_content_type[application/vnd.openxmlformats-officedocument.wordprocessingml.document-path-xhtml]" time="0.295" /><testcase classname="test.test_parse" name="test_parse_to_stream_with_content_type[application/vnd.openxmlformats-officedocument.wordprocessingml.document-bytes-txt]" time="0.314" /><testcase classname="test.test_parse" name="test_parse_to_stream_with_content_type[application/vnd.openxmlformats-officedocument.wordprocessingml.document-bytes-xhtml]" time="0.318" /><testcase classname="test.test_parse" name="test_parse_to_stream_with_content_type[application/vnd.openxmlformats-officedocument.wordprocessingml.document-stream-txt]" time="0.314" /><testcase classname="test.test_parse" name="test_parse_to_stream_with_content_type[application/vnd.openxmlformats-officedocument.wordprocessingml.document-stream-xhtml]" time="0.319" /><testcase classname="test.test_parse" name="test_parse_with_invalid_input" time="0.001" /><testcase classname="test.test_parse" name="test_parse_with_nonexistent_file" time="0.000" /><testcase classname="test.test_parse" name="test_parse_with_default_output_format[invalid]" time="0.289" /><testcase classname="test.test_parse" name="test_parse_with_default_output_format[pdf]" time="0.294" /><testcase classname="test.test_parse" name="test_parse_with_default_output_format[doc]" time="0.288" /><testcase classname="test.test_parse" name="test_parse_different_file_types[application/vnd.openxmlformats-officedocument.wordprocessingml.document-demo_docx]" time="0.289" /><testcase classname="test.test_parse" name="test_parse_different_file_types[application/pdf-test_pdf_child_attachments]" time="1.249" /><testcase classname="test.test_parse" name="test_parse_different_file_types[text/plain-basic_txt]" time="0.003" /><testcase classname="test.test_parse" name="test_parse_different_file_types[text/html-basic_html]" time="0.022" /><testcase classname="test.test_parse" name="test_parse_metadata_compare_with_tika_server[string-demo_docx-application/vnd.openxmlformats-officedocument.wordprocessingml.document-expected_missing0]" time="0.622" /><testcase classname="test.test_parse" name="test_parse_metadata_compare_with_tika_server[file-demo_docx-application/vnd.openxmlformats-officedocument.wordprocessingml.document-expected_missing1]" time="0.375" /><testcase classname="test.test_parse" name="test_parse_metadata_compare_with_tika_server[stream-demo_docx-application/vnd.openxmlformats-officedocument.wordprocessingml.document-expected_missing2]" time="0.384" /><testcase classname="test.test_parse" name="test_parse_metadata_compare_with_tika_server[string-test_pdf_child_attachments-application/pdf-expected_missing3]" time="2.105" /><testcase classname="test.test_parse" name="test_parse_metadata_compare_with_tika_server[file-test_pdf_child_attachments-application/pdf-expected_missing4]" time="1.459" /><testcase classname="test.test_parse" name="test_parse_metadata_compare_with_tika_server[stream-test_pdf_child_attachments-application/pdf-expected_missing5]" time="1.270" /><testcase classname="test.test_parse" name="test_parse_content_compare_with_tika_server[string]" time="0.348" /><testcase classname="test.test_parse" name="test_parse_content_compare_with_tika_server[path]" time="0.325" /><testcase classname="test.test_parse" name="test_parse_content_compare_with_tika_server[bytes]" time="0.361" /><testcase classname="test.test_parse" name="test_parse_content_compare_with_tika_server[stream]" time="0.367" /><testcase classname="test.test_parse" name="test_parse_custom_parser_and_detector[demo_docx-application/vnd.openxmlformats-officedocument.wordprocessingml.document-DefaultParser]" time="0.517" /><testcase classname="test.test_parse" name="test_parse_custom_parser_and_detector[readme-text/markdown-jdk.proxy]" time="0.233" /><testcase classname="test.test_parse" name="test_parse_all_valid_docs_no_errors[input_file_path0]" time="0.278" /><testcase classname="test.test_parse" name="test_parse_all_valid_docs_no_errors[input_file_path1]" time="0.583" /><testcase classname="test.test_parse" name="test_parse_all_valid_docs_no_errors[input_file_path2]" time="0.002" /><testcase classname="test.test_parse" name="test_parse_all_valid_docs_no_errors[input_file_path3]" time="0.057" /><testcase classname="test.test_parse" name="test_parse_all_valid_docs_no_errors[input_file_path4]" time="0.054" /><testcase classname="test.test_parse" name="test_parse_all_valid_docs_no_errors[input_file_path5]" time="0.004" /><testcase classname="test.test_parse" name="test_parse_all_valid_docs_no_errors[input_file_path6]" time="0.006" /><testcase classname="test.test_parse" name="test_parse_all_valid_docs_no_errors[input_file_path7]" time="0.239" /><testcase classname="test.test_parse" name="test_parse_all_valid_docs_no_errors[input_file_path8]" time="0.291" /><testcase classname="test.test_parse" name="test_parse_all_valid_docs_no_errors[input_file_path9]" time="0.009" /><testcase classname="test.test_parse" name="test_parse_all_valid_docs_no_errors[input_file_path10]" time="0.005" /><testcase classname="test.test_parse" name="test_parse_all_valid_docs_no_errors[input_file_path11]" time="0.116" /><testcase classname="test.test_parse" name="test_parse_all_valid_docs_no_errors[input_file_path12]" time="0.006" /><testcase classname="test.test_parse" name="test_parse_all_valid_docs_no_errors[input_file_path13]" time="0.179" /><testcase classname="test.test_parse" name="test_parse_all_valid_docs_no_errors[input_file_path14]" time="0.098" /><testcase classname="test.test_parse" name="test_parse_all_valid_docs_no_errors[input_file_path15]" time="4.889" /><testcase classname="test.test_parse" name="test_parse_all_valid_docs_no_errors[input_file_path16]" time="0.009" /><testcase classname="test.test_parse" name="test_parse_all_valid_docs_no_errors[input_file_path17]" time="0.017" /><testcase classname="test.test_parse" name="test_parse_all_valid_docs_no_errors[input_file_path18]" time="0.002" /><testcase classname="test.test_parse" name="test_parse_all_valid_docs_no_errors[input_file_path19]" time="0.002" /><testcase classname="test.test_parse" name="test_parse_all_valid_docs_no_errors[input_file_path20]" time="2.724" /><testcase classname="test.test_parse" name="test_parse_all_valid_docs_no_errors[input_file_path21]" time="0.318" /><testcase classname="test.test_parse" name="test_parse_all_valid_docs_no_errors[input_file_path22]" time="1.055" /><testcase classname="test.test_parse" name="test_parse_all_invalid_docs_no_errors[input_file_path0]" time="0.004" /><testcase classname="test.test_tika_util" name="test_metadata_to_dict" time="0.001" /><testcase classname="test.test_tika_util" name="test_tikara_unpacked_item" time="0.000" /><testcase classname="test.test_tika_util" name="test_language_confidence_enum" time="0.000" /><testcase classname="test.test_tika_util" name="test_tika_input_stream_with_path" time="0.001" /><testcase classname="test.test_tika_util" name="test_tika_input_stream_with_bytes" time="0.000" /><testcase classname="test.test_tika_util" name="test_tika_input_stream_with_binary_io" time="0.001" /><testcase classname="test.test_tika_util" name="test_tika_input_stream_invalid_input" time="0.000" /><testcase classname="test.test_tika_util.TestRecursiveEmbeddedDocumentExtractor" name="test_parse_embedded_basic" time="0.003" /><testcase classname="test.test_tika_util.TestRecursiveEmbeddedDocumentExtractor" name="test_parse_embedded_max_depth" time="0.001" /><testcase classname="test.test_tika_util.TestRecursiveEmbeddedDocumentExtractor" name="test_should_parse_embedded" time="0.001" /><testcase classname="test.test_unpack" name="test_unpack_docx_with_embedded_files[test_recursive_embedded_docx-expected_embedded_file_names0-1]" time="0.254" /><testcase classname="test.test_unpack" name="test_unpack_docx_with_embedded_files[test_recursive_embedded_docx-expected_embedded_file_names1-2]" time="0.028" /><testcase classname="test.test_unpack" name="test_unpack_docx_with_embedded_files[demo_docx-expected_embedded_file_names2-1]" time="0.310" /><testcase classname="test.test_unpack" name="test_unpack_docx_with_embedded_files[demo_docx-expected_embedded_file_names3-2]" time="0.314" /><testcase classname="test.test_unpack" name="test_unpack_docx_with_embedded_files[basic_txt-expected_embedded_file_names4-1]" time="0.002" /><testcase classname="test.test_unpack" name="test_unpack_docx_with_embedded_files[basic_txt-expected_embedded_file_names5-2]" time="0.001" /><testcase classname="test.test_unpack" name="test_unpack_nonexistent_file" time="0.002" /><testcase classname="test.test_unpack" name="test_unpack_compare_with_tika_server[test_recursive_embedded_docx-expected_embedded_file_names0]" time="0.095" /><testcase classname="test.test_unpack" name="test_unpack_compare_with_tika_server[demo_docx-expected_embedded_file_names1]" time="0.358" /><testcase classname="test.test_unpack" name="test_unpack_compare_with_tika_server[basic_txt-expected_embedded_file_names2]" time="0.242"><skipped type="pytest.skip" message="No embedded files to test">/home/nbaughman/Projects/tikara/test/test_unpack.py:100: No embedded files to test</skipped></testcase></testsuite></testsuites>