<?xml version="1.0" encoding="utf-8"?><testsuites><testsuite name="pytest" errors="0" failures="0" skipped="0" tests="169" time="50.633" timestamp="2025-01-28T16:10:53.882264+00:00" hostname="fv-az1391-242"><testcase classname="test.test_detect_language" name="test_detect_language_from_str[en-The quick brown fox jumps over the lazy dog-HIGH-0.9]" time="1.719" /><testcase classname="test.test_detect_language" name="test_detect_language_from_str[es-El r\xe1pido zorro marr\xf3n salta sobre el perro perezoso-HIGH-0.9]" time="0.005" /><testcase classname="test.test_detect_language" name="test_detect_language_from_str[de-Der schnelle braune Fuchs springt \xfcber den faulen Hund-HIGH-0.9]" time="0.003" /><testcase classname="test.test_detect_language" name="test_detect_language_from_str_compare_with_tika_server[en-The quick brown fox jumps over the lazy dog-HIGH-0.9]" time="18.142" /><testcase classname="test.test_detect_language" name="test_detect_language_from_str_compare_with_tika_server[es-El r\xe1pido zorro marr\xf3n salta sobre el perro perezoso-HIGH-0.9]" time="0.019" /><testcase classname="test.test_detect_language" name="test_detect_language_from_str_compare_with_tika_server[de-Der schnelle braune Fuchs springt \xfcber den faulen Hund-HIGH-0.9]" time="0.014" /><testcase classname="test.test_detect_mime_type.TestDetectMimeType" name="test_detect_mime_type_path[txt-plain.txt-Hello world-text/plain]" time="0.556" /><testcase classname="test.test_detect_mime_type.TestDetectMimeType" name="test_detect_mime_type_path[html-page.html-&lt;html&gt;&lt;body&gt;Hello&lt;/body&gt;&lt;/html&gt;-text/html]" time="0.008" /><testcase classname="test.test_detect_mime_type.TestDetectMimeType" name="test_detect_mime_type_path[xml-config.xml-&lt;?xml version='1.0'?&gt;&lt;root&gt;&lt;/root&gt;-application/xml]" time="0.010" /><testcase classname="test.test_detect_mime_type.TestDetectMimeType" name="test_detect_mime_type_str[txt-plain.txt-Hello world-text/plain]" time="0.006" /><testcase classname="test.test_detect_mime_type.TestDetectMimeType" name="test_detect_mime_type_str[html-page.html-&lt;html&gt;&lt;body&gt;Hello&lt;/body&gt;&lt;/html&gt;-text/html]" time="0.004" /><testcase classname="test.test_detect_mime_type.TestDetectMimeType" name="test_detect_mime_type_str[xml-config.xml-&lt;?xml version='1.0'?&gt;&lt;root&gt;&lt;/root&gt;-application/xml]" time="0.005" /><testcase classname="test.test_detect_mime_type.TestDetectMimeType" name="test_detect_mime_type_bytes[Hello world-text/plain]" time="0.004" /><testcase classname="test.test_detect_mime_type.TestDetectMimeType" name="test_detect_mime_type_bytes[&lt;html&gt;&lt;body&gt;Hello&lt;/body&gt;&lt;/html&gt;-text/html]" time="0.003" /><testcase classname="test.test_detect_mime_type.TestDetectMimeType" name="test_detect_mime_type_bytes[&lt;?xml version='1.0'?&gt;&lt;root&gt;&lt;/root&gt;-application/xml]" time="0.004" /><testcase classname="test.test_detect_mime_type.TestDetectMimeType" name="test_detect_mime_type_binary_io[Hello world-text/plain]" time="0.006" /><testcase classname="test.test_detect_mime_type.TestDetectMimeType" name="test_detect_mime_type_binary_io[&lt;html&gt;&lt;body&gt;Hello&lt;/body&gt;&lt;/html&gt;-text/html]" time="0.004" /><testcase classname="test.test_detect_mime_type.TestDetectMimeType" name="test_detect_mime_type_binary_io[&lt;?xml version='1.0'?&gt;&lt;root&gt;&lt;/root&gt;-application/xml]" time="0.004" /><testcase classname="test.test_detect_mime_type.TestDetectMimeType" name="test_detect_mime_type_invalid_type" time="0.001" /><testcase classname="test.test_detect_mime_type.TestDetectMimeType" name="test_detect_mime_type_nonexistent_file" time="0.001" /><testcase classname="test.test_detect_mime_type.TestDetectMimeType" name="test_detect_mime_type_compare_with_tika_server[txt-plain.txt-Hello world-text/plain]" time="0.133" /><testcase classname="test.test_detect_mime_type.TestDetectMimeType" name="test_detect_mime_type_compare_with_tika_server[html-page.html-&lt;html&gt;&lt;body&gt;Hello&lt;/body&gt;&lt;/html&gt;-text/html]" time="0.019" /><testcase classname="test.test_detect_mime_type.TestDetectMimeType" name="test_detect_mime_type_compare_with_tika_server[xml-config.xml-&lt;?xml version='1.0'?&gt;&lt;root&gt;&lt;/root&gt;-application/xml]" time="0.020" /><testcase classname="test.test_java_util" name="test_jvm_classpath" time="0.001" /><testcase classname="test.test_java_util.TestJavaReaderWrapper" name="test_read_all_at_once" time="0.005" /><testcase classname="test.test_java_util.TestJavaReaderWrapper" name="test_read_in_chunks" time="0.002" /><testcase classname="test.test_java_util.TestJavaReaderWrapper" name="test_read_empty" time="0.001" /><testcase classname="test.test_java_util.TestJavaReaderWrapper" name="test_read_unicode" time="0.001" /><testcase classname="test.test_java_util.TestJavaReaderWrapper" name="test_read_zero_bytes" time="0.001" /><testcase classname="test.test_java_util.TestJavaReaderWrapper" name="test_multiple_reads" time="0.001" /><testcase classname="test.test_java_util.TestJavaReaderWrapper" name="test_large_data" time="0.002" /><testcase classname="test.test_java_util.TestJavaReaderWrapper" name="test_read_past_eof" time="0.001" /><testcase classname="test.test_java_util.TestJavaReaderWrapper" name="test_small_buffer_size" time="0.001" /><testcase classname="test.test_java_util.TestJavaReaderWrapper" name="test_reader_close" time="0.002" /><testcase classname="test.test_java_util.TestJavaReaderWrapper" name="test_contextmanager_close" time="0.001" /><testcase classname="test.test_java_util.TestJavaReaderWrapper" name="test_readline" time="0.001" /><testcase classname="test.test_java_util.TestJavaReaderWrapper" name="test_readlines" time="0.001" /><testcase classname="test.test_java_util.TestReadToString" name="test_read_to_string_basic" time="0.002" /><testcase classname="test.test_java_util.TestReadToString" name="test_read_to_string_empty" time="0.001" /><testcase classname="test.test_java_util.TestReadToString" name="test_read_to_string_unicode" time="0.001" /><testcase classname="test.test_java_util.TestReadToString" name="test_read_to_string_large_data" time="0.002" /><testcase classname="test.test_java_util.TestReadToString" name="test_read_to_string_multiline" time="0.064" /><testcase classname="test.test_java_util.TestStreamToFile" name="test_stream_to_file_basic" time="0.002" /><testcase classname="test.test_java_util.TestStreamToFile" name="test_stream_to_file_empty" time="0.002" /><testcase classname="test.test_java_util.TestStreamToFile" name="test_stream_to_file_unicode" time="0.002" /><testcase classname="test.test_java_util.TestStreamToFile" name="test_stream_to_file_large_data" time="0.003" /><testcase classname="test.test_java_util.TestStreamToFile" name="test_stream_to_file_overwrites_existing" time="0.002" /><testcase classname="test.test_java_util.TestStreamToFile" name="test_stream_to_file_invalid_path" time="0.002" /><testcase classname="test.test_java_util.TestPipeToStream" name="test_pipe_to_basic" time="0.001" /><testcase classname="test.test_java_util.TestPipeToStream" name="test_pipe_to_read_chunks" time="0.001" /><testcase classname="test.test_java_util.TestPipeToStream" name="test_pipe_to_empty" time="0.001" /><testcase classname="test.test_java_util.TestPipeToStream" name="test_pipe_to_unicode" time="0.001" /><testcase classname="test.test_java_util.TestPipeToStream" name="test_pipe_to_large_data" time="0.004" /><testcase classname="test.test_java_util.TestPipeToStream" name="test_pipe_to_closed_reader" time="0.002" /><testcase classname="test.test_java_util.TestWrapPythonStream" name="test_basic_streaming" time="0.002" /><testcase classname="test.test_java_util.TestWrapPythonStream" name="test_large_data_streaming" time="0.132" /><testcase classname="test.test_java_util.TestWrapPythonStream" name="test_empty_stream" time="0.002" /><testcase classname="test.test_java_util.TestWrapPythonStream" name="test_binary_data" time="0.002" /><testcase classname="test.test_java_util.TestWrapPythonStream" name="test_stream_closes_properly" time="0.001" /><testcase classname="test.test_java_util.TestWrapPythonStream" name="test_partial_reads" time="0.001" /><testcase classname="test.test_java_util.TestWrapPythonStream" name="test_concurrent_access" time="0.120" /><testcase classname="test.test_java_util" name="test_creates_parent_directories" time="0.003" /><testcase classname="test.test_java_util" name="test_append_mode" time="0.002" /><testcase classname="test.test_java_util" name="test_str_path_handling" time="0.002" /><testcase classname="test.test_java_util" name="test_file_stream_handles_binary" time="0.002" /><testcase classname="test.test_parse" name="test_parse_to_string_input_types[string]" time="0.976" /><testcase classname="test.test_parse" name="test_parse_to_string_input_types[path]" time="0.127" /><testcase classname="test.test_parse" name="test_parse_to_string_input_types[bytes]" time="0.211" /><testcase classname="test.test_parse" name="test_parse_to_string_input_types[stream]" time="0.222" /><testcase classname="test.test_parse" name="test_parse_to_file_combinations[string-txt]" time="0.111" /><testcase classname="test.test_parse" name="test_parse_to_file_combinations[string-xhtml]" time="0.094" /><testcase classname="test.test_parse" name="test_parse_to_file_combinations[path-txt]" time="0.088" /><testcase classname="test.test_parse" name="test_parse_to_file_combinations[path-xhtml]" time="0.087" /><testcase classname="test.test_parse" name="test_parse_to_file_combinations[bytes-txt]" time="0.124" /><testcase classname="test.test_parse" name="test_parse_to_file_combinations[bytes-xhtml]" time="0.287" /><testcase classname="test.test_parse" name="test_parse_to_file_combinations[stream-txt]" time="0.138" /><testcase classname="test.test_parse" name="test_parse_to_file_combinations[stream-xhtml]" time="0.134" /><testcase classname="test.test_parse" name="test_parse_to_stream_with_content_type[None-string-txt]" time="0.069" /><testcase classname="test.test_parse" name="test_parse_to_stream_with_content_type[None-string-xhtml]" time="0.065" /><testcase classname="test.test_parse" name="test_parse_to_stream_with_content_type[None-path-txt]" time="0.084" /><testcase classname="test.test_parse" name="test_parse_to_stream_with_content_type[None-path-xhtml]" time="0.050" /><testcase classname="test.test_parse" name="test_parse_to_stream_with_content_type[None-bytes-txt]" time="0.101" /><testcase classname="test.test_parse" name="test_parse_to_stream_with_content_type[None-bytes-xhtml]" time="0.100" /><testcase classname="test.test_parse" name="test_parse_to_stream_with_content_type[None-stream-txt]" time="0.085" /><testcase classname="test.test_parse" name="test_parse_to_stream_with_content_type[None-stream-xhtml]" time="0.083" /><testcase classname="test.test_parse" name="test_parse_to_stream_with_content_type[application/vnd.openxmlformats-officedocument.wordprocessingml.document-string-txt]" time="0.050" /><testcase classname="test.test_parse" name="test_parse_to_stream_with_content_type[application/vnd.openxmlformats-officedocument.wordprocessingml.document-string-xhtml]" time="0.054" /><testcase classname="test.test_parse" name="test_parse_to_stream_with_content_type[application/vnd.openxmlformats-officedocument.wordprocessingml.document-path-txt]" time="0.051" /><testcase classname="test.test_parse" name="test_parse_to_stream_with_content_type[application/vnd.openxmlformats-officedocument.wordprocessingml.document-path-xhtml]" time="0.053" /><testcase classname="test.test_parse" name="test_parse_to_stream_with_content_type[application/vnd.openxmlformats-officedocument.wordprocessingml.document-bytes-txt]" time="0.136" /><testcase classname="test.test_parse" name="test_parse_to_stream_with_content_type[application/vnd.openxmlformats-officedocument.wordprocessingml.document-bytes-xhtml]" time="0.097" /><testcase classname="test.test_parse" name="test_parse_to_stream_with_content_type[application/vnd.openxmlformats-officedocument.wordprocessingml.document-stream-txt]" time="0.108" /><testcase classname="test.test_parse" name="test_parse_to_stream_with_content_type[application/vnd.openxmlformats-officedocument.wordprocessingml.document-stream-xhtml]" time="0.111" /><testcase classname="test.test_parse" name="test_parse_with_invalid_input" time="0.001" /><testcase classname="test.test_parse" name="test_parse_with_nonexistent_file" time="0.001" /><testcase classname="test.test_parse" name="test_parse_with_default_output_format[invalid]" time="0.048" /><testcase classname="test.test_parse" name="test_parse_with_default_output_format[pdf]" time="0.048" /><testcase classname="test.test_parse" name="test_parse_with_default_output_format[doc]" time="0.048" /><testcase classname="test.test_parse" name="test_parse_different_file_types[application/vnd.openxmlformats-officedocument.wordprocessingml.document-demo_docx]" time="0.048" /><testcase classname="test.test_parse" name="test_parse_different_file_types[application/pdf-test_pdf_child_attachments]" time="3.346" /><testcase classname="test.test_parse" name="test_parse_different_file_types[text/plain-basic_txt]" time="0.006" /><testcase classname="test.test_parse" name="test_parse_different_file_types[text/html-basic_html]" time="0.051" /><testcase classname="test.test_parse" name="test_parse_metadata_compare_with_tika_server[string-demo_docx-application/vnd.openxmlformats-officedocument.wordprocessingml.document-expected_missing0]" time="1.157" /><testcase classname="test.test_parse" name="test_parse_metadata_compare_with_tika_server[file-demo_docx-application/vnd.openxmlformats-officedocument.wordprocessingml.document-expected_missing1]" time="0.288" /><testcase classname="test.test_parse" name="test_parse_metadata_compare_with_tika_server[stream-demo_docx-application/vnd.openxmlformats-officedocument.wordprocessingml.document-expected_missing2]" time="0.300" /><testcase classname="test.test_parse" name="test_parse_metadata_compare_with_tika_server[string-test_pdf_child_attachments-application/pdf-expected_missing3]" time="4.243" /><testcase classname="test.test_parse" name="test_parse_metadata_compare_with_tika_server[file-test_pdf_child_attachments-application/pdf-expected_missing4]" time="2.725" /><testcase classname="test.test_parse" name="test_parse_metadata_compare_with_tika_server[stream-test_pdf_child_attachments-application/pdf-expected_missing5]" time="2.558" /><testcase classname="test.test_parse" name="test_parse_content_compare_with_tika_server[string]" time="0.285" /><testcase classname="test.test_parse" name="test_parse_content_compare_with_tika_server[path]" time="0.258" /><testcase classname="test.test_parse" name="test_parse_content_compare_with_tika_server[bytes]" time="0.207" /><testcase classname="test.test_parse" name="test_parse_content_compare_with_tika_server[stream]" time="0.202" /><testcase classname="test.test_parse" name="test_parse_custom_parser_and_detector[demo_docx-application/vnd.openxmlformats-officedocument.wordprocessingml.document-DefaultParser]" time="0.152" /><testcase classname="test.test_parse" name="test_parse_custom_parser_and_detector[readme-text/markdown-jdk.proxy]" time="0.032" /><testcase classname="test.test_parse" name="test_parse_all_valid_docs_no_errors[input_file_path0]" time="0.032" /><testcase classname="test.test_parse" name="test_parse_all_valid_docs_no_errors[input_file_path1]" time="1.258" /><testcase classname="test.test_parse" name="test_parse_all_valid_docs_no_errors[input_file_path2]" time="0.004" /><testcase classname="test.test_parse" name="test_parse_all_valid_docs_no_errors[input_file_path3]" time="0.171" /><testcase classname="test.test_parse" name="test_parse_all_valid_docs_no_errors[input_file_path4]" time="0.160" /><testcase classname="test.test_parse" name="test_parse_all_valid_docs_no_errors[input_file_path5]" time="0.013" /><testcase classname="test.test_parse" name="test_parse_all_valid_docs_no_errors[input_file_path6]" time="0.162" /><testcase classname="test.test_parse" name="test_parse_all_valid_docs_no_errors[input_file_path7]" time="0.033" /><testcase classname="test.test_parse" name="test_parse_all_valid_docs_no_errors[input_file_path8]" time="0.021" /><testcase classname="test.test_parse" name="test_parse_all_valid_docs_no_errors[input_file_path9]" time="0.018" /><testcase classname="test.test_parse" name="test_parse_all_valid_docs_no_errors[input_file_path10]" time="0.060" /><testcase classname="test.test_parse" name="test_parse_all_valid_docs_no_errors[input_file_path11]" time="0.011" /><testcase classname="test.test_parse" name="test_parse_all_valid_docs_no_errors[input_file_path12]" time="0.372" /><testcase classname="test.test_parse" name="test_parse_all_valid_docs_no_errors[input_file_path13]" time="0.070" /><testcase classname="test.test_parse" name="test_parse_all_valid_docs_no_errors[input_file_path14]" time="2.559" /><testcase classname="test.test_parse" name="test_parse_all_valid_docs_no_errors[input_file_path15]" time="0.086" /><testcase classname="test.test_parse" name="test_parse_all_valid_docs_no_errors[input_file_path16]" time="0.042" /><testcase classname="test.test_parse" name="test_parse_all_valid_docs_no_errors[input_file_path17]" time="0.006" /><testcase classname="test.test_parse" name="test_parse_all_valid_docs_no_errors[input_file_path18]" time="0.006" /><testcase classname="test.test_parse" name="test_parse_all_valid_docs_no_errors[input_file_path19]" time="1.389" /><testcase classname="test.test_parse" name="test_parse_all_valid_docs_no_errors[input_file_path20]" time="0.198" /><testcase classname="test.test_parse" name="test_parse_all_valid_docs_no_errors[input_file_path21]" time="0.440" /><testcase classname="test.test_parse" name="test_parse_all_valid_docs_no_errors[input_file_path22]" time="0.145" /><testcase classname="test.test_parse" name="test_parse_all_valid_docs_no_errors[input_file_path23]" time="0.015" /><testcase classname="test.test_parse" name="test_parse_all_valid_docs_no_errors[input_file_path24]" time="0.006" /><testcase classname="test.test_parse" name="test_parse_all_valid_docs_no_errors[input_file_path25]" time="0.006" /><testcase classname="test.test_parse" name="test_parse_all_valid_docs_no_errors[input_file_path26]" time="0.007" /><testcase classname="test.test_parse" name="test_parse_all_valid_docs_no_errors[input_file_path27]" time="0.007" /><testcase classname="test.test_parse" name="test_parse_all_valid_docs_no_errors[input_file_path28]" time="0.007" /><testcase classname="test.test_parse" name="test_parse_all_valid_docs_no_errors[input_file_path29]" time="0.007" /><testcase classname="test.test_parse" name="test_parse_all_invalid_docs_no_errors[input_file_path0]" time="0.027" /><testcase classname="test.test_tika_util" name="test_metadata_to_dict" time="0.002" /><testcase classname="test.test_tika_util" name="test_language_confidence_enum" time="0.001" /><testcase classname="test.test_tika_util" name="test_tika_input_stream_with_path" time="0.003" /><testcase classname="test.test_tika_util" name="test_tika_input_stream_with_bytes" time="0.001" /><testcase classname="test.test_tika_util" name="test_tika_input_stream_with_binary_io" time="0.002" /><testcase classname="test.test_tika_util" name="test_tika_input_stream_invalid_input" time="0.001" /><testcase classname="test.test_tika_util.TestRecursiveEmbeddedDocumentExtractor" name="test_parse_embedded_basic" time="0.008" /><testcase classname="test.test_tika_util.TestRecursiveEmbeddedDocumentExtractor" name="test_parse_embedded_max_depth" time="0.003" /><testcase classname="test.test_tika_util.TestRecursiveEmbeddedDocumentExtractor" name="test_should_parse_embedded" time="0.003" /><testcase classname="test.test_unpack" name="test_unpack_with_embedded_files_input_filepath[test_recursive_embedded_docx-expected_embedded_file_names0-1]" time="0.097" /><testcase classname="test.test_unpack" name="test_unpack_with_embedded_files_input_filepath[test_recursive_embedded_docx-expected_embedded_file_names1-2]" time="0.079" /><testcase classname="test.test_unpack" name="test_unpack_with_embedded_files_input_filepath[demo_docx-expected_embedded_file_names2-1]" time="0.118" /><testcase classname="test.test_unpack" name="test_unpack_with_embedded_files_input_filepath[demo_docx-expected_embedded_file_names3-2]" time="0.117" /><testcase classname="test.test_unpack" name="test_unpack_with_embedded_files_input_filepath[basic_txt-expected_embedded_file_names4-1]" time="0.006" /><testcase classname="test.test_unpack" name="test_unpack_with_embedded_files_input_filepath[basic_txt-expected_embedded_file_names5-2]" time="0.006" /><testcase classname="test.test_unpack" name="test_unpack_with_embedded_files_input_stream[test_recursive_embedded_docx-expected_embedded_file_names0-1]" time="0.090" /><testcase classname="test.test_unpack" name="test_unpack_with_embedded_files_input_stream[test_recursive_embedded_docx-expected_embedded_file_names1-2]" time="0.093" /><testcase classname="test.test_unpack" name="test_unpack_with_embedded_files_input_stream[demo_docx-expected_embedded_file_names2-1]" time="0.153" /><testcase classname="test.test_unpack" name="test_unpack_with_embedded_files_input_stream[demo_docx-expected_embedded_file_names3-2]" time="0.119" /><testcase classname="test.test_unpack" name="test_unpack_with_embedded_files_input_stream[basic_txt-expected_embedded_file_names4-1]" time="0.005" /><testcase classname="test.test_unpack" name="test_unpack_with_embedded_files_input_stream[basic_txt-expected_embedded_file_names5-2]" time="0.004" /><testcase classname="test.test_unpack" name="test_unpack_nonexistent_file" time="0.003" /><testcase classname="test.test_unpack" name="test_unpack_compare_with_tika_server[test_recursive_embedded_docx-expected_embedded_file_names0]" time="0.312" /><testcase classname="test.test_unpack" name="test_unpack_compare_with_tika_server[demo_docx-expected_embedded_file_names1]" time="0.387" /></testsuite></testsuites>