<?xml version="1.0" encoding="utf-8"?><testsuites><testsuite name="pytest" errors="0" failures="0" skipped="0" tests="165" time="51.974" timestamp="2025-01-28T15:41:08.361868+00:00" hostname="fv-az1392-876"><testcase classname="test.test_detect_language" name="test_detect_language_from_str[en-The quick brown fox jumps over the lazy dog-HIGH-0.9]" time="2.145" /><testcase classname="test.test_detect_language" name="test_detect_language_from_str[es-El r\xe1pido zorro marr\xf3n salta sobre el perro perezoso-HIGH-0.9]" time="0.006" /><testcase classname="test.test_detect_language" name="test_detect_language_from_str[de-Der schnelle braune Fuchs springt \xfcber den faulen Hund-HIGH-0.9]" time="0.003" /><testcase classname="test.test_detect_language" name="test_detect_language_from_str_compare_with_tika_server[en-The quick brown fox jumps over the lazy dog-HIGH-0.9]" time="15.995" /><testcase classname="test.test_detect_language" name="test_detect_language_from_str_compare_with_tika_server[es-El r\xe1pido zorro marr\xf3n salta sobre el perro perezoso-HIGH-0.9]" time="0.021" /><testcase classname="test.test_detect_language" name="test_detect_language_from_str_compare_with_tika_server[de-Der schnelle braune Fuchs springt \xfcber den faulen Hund-HIGH-0.9]" time="0.014" /><testcase classname="test.test_detect_mime_type.TestDetectMimeType" name="test_detect_mime_type_path[txt-plain.txt-Hello world-text/plain]" time="0.761" /><testcase classname="test.test_detect_mime_type.TestDetectMimeType" name="test_detect_mime_type_path[html-page.html-&lt;html&gt;&lt;body&gt;Hello&lt;/body&gt;&lt;/html&gt;-text/html]" time="0.011" /><testcase classname="test.test_detect_mime_type.TestDetectMimeType" name="test_detect_mime_type_path[xml-config.xml-&lt;?xml version='1.0'?&gt;&lt;root&gt;&lt;/root&gt;-application/xml]" time="0.010" /><testcase classname="test.test_detect_mime_type.TestDetectMimeType" name="test_detect_mime_type_str[txt-plain.txt-Hello world-text/plain]" time="0.010" /><testcase classname="test.test_detect_mime_type.TestDetectMimeType" name="test_detect_mime_type_str[html-page.html-&lt;html&gt;&lt;body&gt;Hello&lt;/body&gt;&lt;/html&gt;-text/html]" time="0.008" /><testcase classname="test.test_detect_mime_type.TestDetectMimeType" name="test_detect_mime_type_str[xml-config.xml-&lt;?xml version='1.0'?&gt;&lt;root&gt;&lt;/root&gt;-application/xml]" time="0.009" /><testcase classname="test.test_detect_mime_type.TestDetectMimeType" name="test_detect_mime_type_bytes[Hello world-text/plain]" time="0.008" /><testcase classname="test.test_detect_mime_type.TestDetectMimeType" name="test_detect_mime_type_bytes[&lt;html&gt;&lt;body&gt;Hello&lt;/body&gt;&lt;/html&gt;-text/html]" time="0.006" /><testcase classname="test.test_detect_mime_type.TestDetectMimeType" name="test_detect_mime_type_bytes[&lt;?xml version='1.0'?&gt;&lt;root&gt;&lt;/root&gt;-application/xml]" time="0.008" /><testcase classname="test.test_detect_mime_type.TestDetectMimeType" name="test_detect_mime_type_binary_io[Hello world-text/plain]" time="0.011" /><testcase classname="test.test_detect_mime_type.TestDetectMimeType" name="test_detect_mime_type_binary_io[&lt;html&gt;&lt;body&gt;Hello&lt;/body&gt;&lt;/html&gt;-text/html]" time="0.007" /><testcase classname="test.test_detect_mime_type.TestDetectMimeType" name="test_detect_mime_type_binary_io[&lt;?xml version='1.0'?&gt;&lt;root&gt;&lt;/root&gt;-application/xml]" time="0.008" /><testcase classname="test.test_detect_mime_type.TestDetectMimeType" name="test_detect_mime_type_invalid_type" time="0.002" /><testcase classname="test.test_detect_mime_type.TestDetectMimeType" name="test_detect_mime_type_nonexistent_file" time="0.002" /><testcase classname="test.test_detect_mime_type.TestDetectMimeType" name="test_detect_mime_type_compare_with_tika_server[txt-plain.txt-Hello world-text/plain]" time="0.285" /><testcase classname="test.test_detect_mime_type.TestDetectMimeType" name="test_detect_mime_type_compare_with_tika_server[html-page.html-&lt;html&gt;&lt;body&gt;Hello&lt;/body&gt;&lt;/html&gt;-text/html]" time="0.022" /><testcase classname="test.test_detect_mime_type.TestDetectMimeType" name="test_detect_mime_type_compare_with_tika_server[xml-config.xml-&lt;?xml version='1.0'?&gt;&lt;root&gt;&lt;/root&gt;-application/xml]" time="0.020" /><testcase classname="test.test_java_util" name="test_jvm_classpath" time="0.001" /><testcase classname="test.test_java_util.TestJavaReaderWrapper" name="test_read_all_at_once" time="0.004" /><testcase classname="test.test_java_util.TestJavaReaderWrapper" name="test_read_in_chunks" time="0.002" /><testcase classname="test.test_java_util.TestJavaReaderWrapper" name="test_read_empty" time="0.001" /><testcase classname="test.test_java_util.TestJavaReaderWrapper" name="test_read_unicode" time="0.001" /><testcase classname="test.test_java_util.TestJavaReaderWrapper" name="test_read_zero_bytes" time="0.001" /><testcase classname="test.test_java_util.TestJavaReaderWrapper" name="test_multiple_reads" time="0.001" /><testcase classname="test.test_java_util.TestJavaReaderWrapper" name="test_large_data" time="0.002" /><testcase classname="test.test_java_util.TestJavaReaderWrapper" name="test_read_past_eof" time="0.001" /><testcase classname="test.test_java_util.TestJavaReaderWrapper" name="test_small_buffer_size" time="0.001" /><testcase classname="test.test_java_util.TestJavaReaderWrapper" name="test_reader_close" time="0.002" /><testcase classname="test.test_java_util.TestJavaReaderWrapper" name="test_contextmanager_close" time="0.001" /><testcase classname="test.test_java_util.TestJavaReaderWrapper" name="test_readline" time="0.001" /><testcase classname="test.test_java_util.TestJavaReaderWrapper" name="test_readlines" time="0.001" /><testcase classname="test.test_java_util.TestReadToString" name="test_read_to_string_basic" time="0.002" /><testcase classname="test.test_java_util.TestReadToString" name="test_read_to_string_empty" time="0.001" /><testcase classname="test.test_java_util.TestReadToString" name="test_read_to_string_unicode" time="0.001" /><testcase classname="test.test_java_util.TestReadToString" name="test_read_to_string_large_data" time="0.002" /><testcase classname="test.test_java_util.TestReadToString" name="test_read_to_string_multiline" time="0.001" /><testcase classname="test.test_java_util.TestStreamToFile" name="test_stream_to_file_basic" time="0.002" /><testcase classname="test.test_java_util.TestStreamToFile" name="test_stream_to_file_empty" time="0.001" /><testcase classname="test.test_java_util.TestStreamToFile" name="test_stream_to_file_unicode" time="0.001" /><testcase classname="test.test_java_util.TestStreamToFile" name="test_stream_to_file_large_data" time="0.003" /><testcase classname="test.test_java_util.TestStreamToFile" name="test_stream_to_file_overwrites_existing" time="0.005" /><testcase classname="test.test_java_util.TestStreamToFile" name="test_stream_to_file_invalid_path" time="0.001" /><testcase classname="test.test_java_util.TestPipeToStream" name="test_pipe_to_basic" time="0.001" /><testcase classname="test.test_java_util.TestPipeToStream" name="test_pipe_to_read_chunks" time="0.001" /><testcase classname="test.test_java_util.TestPipeToStream" name="test_pipe_to_empty" time="0.001" /><testcase classname="test.test_java_util.TestPipeToStream" name="test_pipe_to_unicode" time="0.001" /><testcase classname="test.test_java_util.TestPipeToStream" name="test_pipe_to_large_data" time="0.003" /><testcase classname="test.test_java_util.TestPipeToStream" name="test_pipe_to_closed_reader" time="0.001" /><testcase classname="test.test_java_util.TestWrapPythonStream" name="test_basic_streaming" time="0.001" /><testcase classname="test.test_java_util.TestWrapPythonStream" name="test_large_data_streaming" time="0.125" /><testcase classname="test.test_java_util.TestWrapPythonStream" name="test_empty_stream" time="0.001" /><testcase classname="test.test_java_util.TestWrapPythonStream" name="test_binary_data" time="0.002" /><testcase classname="test.test_java_util.TestWrapPythonStream" name="test_stream_closes_properly" time="0.002" /><testcase classname="test.test_java_util.TestWrapPythonStream" name="test_partial_reads" time="0.001" /><testcase classname="test.test_java_util.TestWrapPythonStream" name="test_concurrent_access" time="0.121" /><testcase classname="test.test_java_util" name="test_creates_parent_directories" time="0.003" /><testcase classname="test.test_java_util" name="test_append_mode" time="0.002" /><testcase classname="test.test_java_util" name="test_str_path_handling" time="0.002" /><testcase classname="test.test_java_util" name="test_file_stream_handles_binary" time="0.002" /><testcase classname="test.test_parse" name="test_parse_to_string_input_types[string]" time="1.493" /><testcase classname="test.test_parse" name="test_parse_to_string_input_types[path]" time="0.135" /><testcase classname="test.test_parse" name="test_parse_to_string_input_types[bytes]" time="0.189" /><testcase classname="test.test_parse" name="test_parse_to_string_input_types[stream]" time="0.184" /><testcase classname="test.test_parse" name="test_parse_to_file_combinations[string-txt]" time="0.137" /><testcase classname="test.test_parse" name="test_parse_to_file_combinations[string-xhtml]" time="0.087" /><testcase classname="test.test_parse" name="test_parse_to_file_combinations[path-txt]" time="0.082" /><testcase classname="test.test_parse" name="test_parse_to_file_combinations[path-xhtml]" time="0.079" /><testcase classname="test.test_parse" name="test_parse_to_file_combinations[bytes-txt]" time="0.153" /><testcase classname="test.test_parse" name="test_parse_to_file_combinations[bytes-xhtml]" time="0.126" /><testcase classname="test.test_parse" name="test_parse_to_file_combinations[stream-txt]" time="0.174" /><testcase classname="test.test_parse" name="test_parse_to_file_combinations[stream-xhtml]" time="0.107" /><testcase classname="test.test_parse" name="test_parse_to_stream_with_content_type[None-string-txt]" time="0.051" /><testcase classname="test.test_parse" name="test_parse_to_stream_with_content_type[None-string-xhtml]" time="0.046" /><testcase classname="test.test_parse" name="test_parse_to_stream_with_content_type[None-path-txt]" time="0.048" /><testcase classname="test.test_parse" name="test_parse_to_stream_with_content_type[None-path-xhtml]" time="0.048" /><testcase classname="test.test_parse" name="test_parse_to_stream_with_content_type[None-bytes-txt]" time="0.081" /><testcase classname="test.test_parse" name="test_parse_to_stream_with_content_type[None-bytes-xhtml]" time="0.105" /><testcase classname="test.test_parse" name="test_parse_to_stream_with_content_type[None-stream-txt]" time="0.097" /><testcase classname="test.test_parse" name="test_parse_to_stream_with_content_type[None-stream-xhtml]" time="0.117" /><testcase classname="test.test_parse" name="test_parse_to_stream_with_content_type[application/vnd.openxmlformats-officedocument.wordprocessingml.document-string-txt]" time="0.040" /><testcase classname="test.test_parse" name="test_parse_to_stream_with_content_type[application/vnd.openxmlformats-officedocument.wordprocessingml.document-string-xhtml]" time="0.041" /><testcase classname="test.test_parse" name="test_parse_to_stream_with_content_type[application/vnd.openxmlformats-officedocument.wordprocessingml.document-path-txt]" time="0.037" /><testcase classname="test.test_parse" name="test_parse_to_stream_with_content_type[application/vnd.openxmlformats-officedocument.wordprocessingml.document-path-xhtml]" time="0.038" /><testcase classname="test.test_parse" name="test_parse_to_stream_with_content_type[application/vnd.openxmlformats-officedocument.wordprocessingml.document-bytes-txt]" time="0.070" /><testcase classname="test.test_parse" name="test_parse_to_stream_with_content_type[application/vnd.openxmlformats-officedocument.wordprocessingml.document-bytes-xhtml]" time="0.096" /><testcase classname="test.test_parse" name="test_parse_to_stream_with_content_type[application/vnd.openxmlformats-officedocument.wordprocessingml.document-stream-txt]" time="0.112" /><testcase classname="test.test_parse" name="test_parse_to_stream_with_content_type[application/vnd.openxmlformats-officedocument.wordprocessingml.document-stream-xhtml]" time="0.105" /><testcase classname="test.test_parse" name="test_parse_with_invalid_input" time="0.002" /><testcase classname="test.test_parse" name="test_parse_with_nonexistent_file" time="0.002" /><testcase classname="test.test_parse" name="test_parse_with_default_output_format[invalid]" time="0.053" /><testcase classname="test.test_parse" name="test_parse_with_default_output_format[pdf]" time="0.048" /><testcase classname="test.test_parse" name="test_parse_with_default_output_format[doc]" time="0.051" /><testcase classname="test.test_parse" name="test_parse_different_file_types[application/vnd.openxmlformats-officedocument.wordprocessingml.document-demo_docx]" time="0.049" /><testcase classname="test.test_parse" name="test_parse_different_file_types[application/pdf-test_pdf_child_attachments]" time="3.605" /><testcase classname="test.test_parse" name="test_parse_different_file_types[text/plain-basic_txt]" time="0.007" /><testcase classname="test.test_parse" name="test_parse_different_file_types[text/html-basic_html]" time="0.052" /><testcase classname="test.test_parse" name="test_parse_metadata_compare_with_tika_server[string-demo_docx-application/vnd.openxmlformats-officedocument.wordprocessingml.document-expected_missing0]" time="1.089" /><testcase classname="test.test_parse" name="test_parse_metadata_compare_with_tika_server[file-demo_docx-application/vnd.openxmlformats-officedocument.wordprocessingml.document-expected_missing1]" time="0.328" /><testcase classname="test.test_parse" name="test_parse_metadata_compare_with_tika_server[stream-demo_docx-application/vnd.openxmlformats-officedocument.wordprocessingml.document-expected_missing2]" time="0.299" /><testcase classname="test.test_parse" name="test_parse_metadata_compare_with_tika_server[string-test_pdf_child_attachments-application/pdf-expected_missing3]" time="4.424" /><testcase classname="test.test_parse" name="test_parse_metadata_compare_with_tika_server[file-test_pdf_child_attachments-application/pdf-expected_missing4]" time="2.698" /><testcase classname="test.test_parse" name="test_parse_metadata_compare_with_tika_server[stream-test_pdf_child_attachments-application/pdf-expected_missing5]" time="2.671" /><testcase classname="test.test_parse" name="test_parse_content_compare_with_tika_server[string]" time="0.172" /><testcase classname="test.test_parse" name="test_parse_content_compare_with_tika_server[path]" time="0.280" /><testcase classname="test.test_parse" name="test_parse_content_compare_with_tika_server[bytes]" time="0.302" /><testcase classname="test.test_parse" name="test_parse_content_compare_with_tika_server[stream]" time="0.211" /><testcase classname="test.test_parse" name="test_parse_custom_parser_and_detector[demo_docx-application/vnd.openxmlformats-officedocument.wordprocessingml.document-DefaultParser]" time="0.168" /><testcase classname="test.test_parse" name="test_parse_custom_parser_and_detector[readme-text/markdown-jdk.proxy]" time="0.033" /><testcase classname="test.test_parse" name="test_parse_all_valid_docs_no_errors[input_file_path0]" time="0.035" /><testcase classname="test.test_parse" name="test_parse_all_valid_docs_no_errors[input_file_path1]" time="1.236" /><testcase classname="test.test_parse" name="test_parse_all_valid_docs_no_errors[input_file_path2]" time="0.004" /><testcase classname="test.test_parse" name="test_parse_all_valid_docs_no_errors[input_file_path3]" time="0.204" /><testcase classname="test.test_parse" name="test_parse_all_valid_docs_no_errors[input_file_path4]" time="0.178" /><testcase classname="test.test_parse" name="test_parse_all_valid_docs_no_errors[input_file_path5]" time="0.021" /><testcase classname="test.test_parse" name="test_parse_all_valid_docs_no_errors[input_file_path6]" time="0.200" /><testcase classname="test.test_parse" name="test_parse_all_valid_docs_no_errors[input_file_path7]" time="0.039" /><testcase classname="test.test_parse" name="test_parse_all_valid_docs_no_errors[input_file_path8]" time="0.031" /><testcase classname="test.test_parse" name="test_parse_all_valid_docs_no_errors[input_file_path9]" time="0.018" /><testcase classname="test.test_parse" name="test_parse_all_valid_docs_no_errors[input_file_path10]" time="0.068" /><testcase classname="test.test_parse" name="test_parse_all_valid_docs_no_errors[input_file_path11]" time="0.013" /><testcase classname="test.test_parse" name="test_parse_all_valid_docs_no_errors[input_file_path12]" time="0.666" /><testcase classname="test.test_parse" name="test_parse_all_valid_docs_no_errors[input_file_path13]" time="0.069" /><testcase classname="test.test_parse" name="test_parse_all_valid_docs_no_errors[input_file_path14]" time="3.871" /><testcase classname="test.test_parse" name="test_parse_all_valid_docs_no_errors[input_file_path15]" time="0.158" /><testcase classname="test.test_parse" name="test_parse_all_valid_docs_no_errors[input_file_path16]" time="0.043" /><testcase classname="test.test_parse" name="test_parse_all_valid_docs_no_errors[input_file_path17]" time="0.006" /><testcase classname="test.test_parse" name="test_parse_all_valid_docs_no_errors[input_file_path18]" time="0.006" /><testcase classname="test.test_parse" name="test_parse_all_valid_docs_no_errors[input_file_path19]" time="1.744" /><testcase classname="test.test_parse" name="test_parse_all_valid_docs_no_errors[input_file_path20]" time="0.190" /><testcase classname="test.test_parse" name="test_parse_all_valid_docs_no_errors[input_file_path21]" time="0.499" /><testcase classname="test.test_parse" name="test_parse_all_valid_docs_no_errors[input_file_path22]" time="0.175" /><testcase classname="test.test_parse" name="test_parse_all_valid_docs_no_errors[input_file_path23]" time="0.013" /><testcase classname="test.test_parse" name="test_parse_all_valid_docs_no_errors[input_file_path24]" time="0.006" /><testcase classname="test.test_parse" name="test_parse_all_valid_docs_no_errors[input_file_path25]" time="0.007" /><testcase classname="test.test_parse" name="test_parse_all_invalid_docs_no_errors[input_file_path0]" time="0.016" /><testcase classname="test.test_tika_util" name="test_metadata_to_dict" time="0.001" /><testcase classname="test.test_tika_util" name="test_language_confidence_enum" time="0.001" /><testcase classname="test.test_tika_util" name="test_tika_input_stream_with_path" time="0.002" /><testcase classname="test.test_tika_util" name="test_tika_input_stream_with_bytes" time="0.001" /><testcase classname="test.test_tika_util" name="test_tika_input_stream_with_binary_io" time="0.001" /><testcase classname="test.test_tika_util" name="test_tika_input_stream_invalid_input" time="0.001" /><testcase classname="test.test_tika_util.TestRecursiveEmbeddedDocumentExtractor" name="test_parse_embedded_basic" time="0.008" /><testcase classname="test.test_tika_util.TestRecursiveEmbeddedDocumentExtractor" name="test_parse_embedded_max_depth" time="0.003" /><testcase classname="test.test_tika_util.TestRecursiveEmbeddedDocumentExtractor" name="test_should_parse_embedded" time="0.002" /><testcase classname="test.test_unpack" name="test_unpack_with_embedded_files_input_filepath[test_recursive_embedded_docx-expected_embedded_file_names0-1]" time="0.096" /><testcase classname="test.test_unpack" name="test_unpack_with_embedded_files_input_filepath[test_recursive_embedded_docx-expected_embedded_file_names1-2]" time="0.083" /><testcase classname="test.test_unpack" name="test_unpack_with_embedded_files_input_filepath[demo_docx-expected_embedded_file_names2-1]" time="0.123" /><testcase classname="test.test_unpack" name="test_unpack_with_embedded_files_input_filepath[demo_docx-expected_embedded_file_names3-2]" time="0.097" /><testcase classname="test.test_unpack" name="test_unpack_with_embedded_files_input_filepath[basic_txt-expected_embedded_file_names4-1]" time="0.004" /><testcase classname="test.test_unpack" name="test_unpack_with_embedded_files_input_filepath[basic_txt-expected_embedded_file_names5-2]" time="0.004" /><testcase classname="test.test_unpack" name="test_unpack_with_embedded_files_input_stream[test_recursive_embedded_docx-expected_embedded_file_names0-1]" time="0.060" /><testcase classname="test.test_unpack" name="test_unpack_with_embedded_files_input_stream[test_recursive_embedded_docx-expected_embedded_file_names1-2]" time="0.067" /><testcase classname="test.test_unpack" name="test_unpack_with_embedded_files_input_stream[demo_docx-expected_embedded_file_names2-1]" time="0.126" /><testcase classname="test.test_unpack" name="test_unpack_with_embedded_files_input_stream[demo_docx-expected_embedded_file_names3-2]" time="0.176" /><testcase classname="test.test_unpack" name="test_unpack_with_embedded_files_input_stream[basic_txt-expected_embedded_file_names4-1]" time="0.007" /><testcase classname="test.test_unpack" name="test_unpack_with_embedded_files_input_stream[basic_txt-expected_embedded_file_names5-2]" time="0.005" /><testcase classname="test.test_unpack" name="test_unpack_nonexistent_file" time="0.003" /><testcase classname="test.test_unpack" name="test_unpack_compare_with_tika_server[test_recursive_embedded_docx-expected_embedded_file_names0]" time="0.220" /><testcase classname="test.test_unpack" name="test_unpack_compare_with_tika_server[demo_docx-expected_embedded_file_names1]" time="0.351" /></testsuite></testsuites>