<?xml version="1.0" encoding="utf-8"?><testsuites><testsuite name="pytest" errors="0" failures="0" skipped="1" tests="132" time="32.387" timestamp="2025-01-24T22:32:23.610896-05:00" hostname="ubu"><testcase classname="test.test_detect_language" name="test_detect_language_from_str[en-The quick brown fox jumps over the lazy dog-HIGH-0.9]" time="1.020" /><testcase classname="test.test_detect_language" name="test_detect_language_from_str[es-El r\xe1pido zorro marr\xf3n salta sobre el perro perezoso-HIGH-0.9]" time="0.043" /><testcase classname="test.test_detect_language" name="test_detect_language_from_str[de-Der schnelle braune Fuchs springt \xfcber den faulen Hund-HIGH-0.9]" time="0.041" /><testcase classname="test.test_detect_language" name="test_detect_language_from_str_compare_with_tika_server[en-The quick brown fox jumps over the lazy dog-HIGH-0.9]" time="1.874" /><testcase classname="test.test_detect_language" name="test_detect_language_from_str_compare_with_tika_server[es-El r\xe1pido zorro marr\xf3n salta sobre el perro perezoso-HIGH-0.9]" time="0.048" /><testcase classname="test.test_detect_language" name="test_detect_language_from_str_compare_with_tika_server[de-Der schnelle braune Fuchs springt \xfcber den faulen Hund-HIGH-0.9]" time="0.293" /><testcase classname="test.test_detect_mime_type.TestDetectMimeType" name="test_detect_mime_type_path[txt-plain.txt-Hello world-text/plain]" time="0.080" /><testcase classname="test.test_detect_mime_type.TestDetectMimeType" name="test_detect_mime_type_path[html-page.html-&lt;html&gt;&lt;body&gt;Hello&lt;/body&gt;&lt;/html&gt;-text/html]" time="0.044" /><testcase classname="test.test_detect_mime_type.TestDetectMimeType" name="test_detect_mime_type_path[xml-config.xml-&lt;?xml version='1.0'?&gt;&lt;root&gt;&lt;/root&gt;-application/xml]" time="0.041" /><testcase classname="test.test_detect_mime_type.TestDetectMimeType" name="test_detect_mime_type_str[txt-plain.txt-Hello world-text/plain]" time="0.043" /><testcase classname="test.test_detect_mime_type.TestDetectMimeType" name="test_detect_mime_type_str[html-page.html-&lt;html&gt;&lt;body&gt;Hello&lt;/body&gt;&lt;/html&gt;-text/html]" time="0.041" /><testcase classname="test.test_detect_mime_type.TestDetectMimeType" name="test_detect_mime_type_str[xml-config.xml-&lt;?xml version='1.0'?&gt;&lt;root&gt;&lt;/root&gt;-application/xml]" time="0.045" /><testcase classname="test.test_detect_mime_type.TestDetectMimeType" name="test_detect_mime_type_bytes[Hello world-text/plain]" time="0.042" /><testcase classname="test.test_detect_mime_type.TestDetectMimeType" name="test_detect_mime_type_bytes[&lt;html&gt;&lt;body&gt;Hello&lt;/body&gt;&lt;/html&gt;-text/html]" time="0.041" /><testcase classname="test.test_detect_mime_type.TestDetectMimeType" name="test_detect_mime_type_bytes[&lt;?xml version='1.0'?&gt;&lt;root&gt;&lt;/root&gt;-application/xml]" time="0.039" /><testcase classname="test.test_detect_mime_type.TestDetectMimeType" name="test_detect_mime_type_binary_io[Hello world-text/plain]" time="0.040" /><testcase classname="test.test_detect_mime_type.TestDetectMimeType" name="test_detect_mime_type_binary_io[&lt;html&gt;&lt;body&gt;Hello&lt;/body&gt;&lt;/html&gt;-text/html]" time="0.043" /><testcase classname="test.test_detect_mime_type.TestDetectMimeType" name="test_detect_mime_type_binary_io[&lt;?xml version='1.0'?&gt;&lt;root&gt;&lt;/root&gt;-application/xml]" time="0.042" /><testcase classname="test.test_detect_mime_type.TestDetectMimeType" name="test_detect_mime_type_invalid_type" time="0.042" /><testcase classname="test.test_detect_mime_type.TestDetectMimeType" name="test_detect_mime_type_nonexistent_file" time="0.041" /><testcase classname="test.test_detect_mime_type.TestDetectMimeType" name="test_detect_mime_type_compare_with_tika_server[txt-plain.txt-Hello world-text/plain]" time="1.390" /><testcase classname="test.test_detect_mime_type.TestDetectMimeType" name="test_detect_mime_type_compare_with_tika_server[html-page.html-&lt;html&gt;&lt;body&gt;Hello&lt;/body&gt;&lt;/html&gt;-text/html]" time="0.054" /><testcase classname="test.test_detect_mime_type.TestDetectMimeType" name="test_detect_mime_type_compare_with_tika_server[xml-config.xml-&lt;?xml version='1.0'?&gt;&lt;root&gt;&lt;/root&gt;-application/xml]" time="0.284" /><testcase classname="test.test_java_util" name="test_jvm_classpath" time="0.059" /><testcase classname="test.test_java_util.TestJavaReaderWrapper" name="test_read_all_at_once" time="0.002" /><testcase classname="test.test_java_util.TestJavaReaderWrapper" name="test_read_in_chunks" time="0.000" /><testcase classname="test.test_java_util.TestJavaReaderWrapper" name="test_read_empty" time="0.000" /><testcase classname="test.test_java_util.TestJavaReaderWrapper" name="test_read_unicode" time="0.000" /><testcase classname="test.test_java_util.TestJavaReaderWrapper" name="test_read_zero_bytes" time="0.000" /><testcase classname="test.test_java_util.TestJavaReaderWrapper" name="test_multiple_reads" time="0.000" /><testcase classname="test.test_java_util.TestJavaReaderWrapper" name="test_large_data" time="0.001" /><testcase classname="test.test_java_util.TestJavaReaderWrapper" name="test_read_past_eof" time="0.000" /><testcase classname="test.test_java_util.TestJavaReaderWrapper" name="test_small_buffer_size" time="0.000" /><testcase classname="test.test_java_util.TestJavaReaderWrapper" name="test_reader_close" time="0.001" /><testcase classname="test.test_java_util.TestJavaReaderWrapper" name="test_contextmanager_close" time="0.000" /><testcase classname="test.test_java_util.TestJavaReaderWrapper" name="test_readline" time="0.000" /><testcase classname="test.test_java_util.TestJavaReaderWrapper" name="test_readlines" time="0.000" /><testcase classname="test.test_java_util.TestReadToString" name="test_read_to_string_basic" time="0.001" /><testcase classname="test.test_java_util.TestReadToString" name="test_read_to_string_empty" time="0.000" /><testcase classname="test.test_java_util.TestReadToString" name="test_read_to_string_unicode" time="0.001" /><testcase classname="test.test_java_util.TestReadToString" name="test_read_to_string_large_data" time="0.001" /><testcase classname="test.test_java_util.TestReadToString" name="test_read_to_string_multiline" time="0.000" /><testcase classname="test.test_java_util.TestStreamToFile" name="test_stream_to_file_basic" time="0.001" /><testcase classname="test.test_java_util.TestStreamToFile" name="test_stream_to_file_empty" time="0.001" /><testcase classname="test.test_java_util.TestStreamToFile" name="test_stream_to_file_unicode" time="0.001" /><testcase classname="test.test_java_util.TestStreamToFile" name="test_stream_to_file_large_data" time="0.001" /><testcase classname="test.test_java_util.TestStreamToFile" name="test_stream_to_file_overwrites_existing" time="0.001" /><testcase classname="test.test_java_util.TestStreamToFile" name="test_stream_to_file_invalid_path" time="0.000" /><testcase classname="test.test_java_util.TestPipeToStream" name="test_pipe_to_basic" time="0.000" /><testcase classname="test.test_java_util.TestPipeToStream" name="test_pipe_to_read_chunks" time="0.000" /><testcase classname="test.test_java_util.TestPipeToStream" name="test_pipe_to_empty" time="0.000" /><testcase classname="test.test_java_util.TestPipeToStream" name="test_pipe_to_unicode" time="0.000" /><testcase classname="test.test_java_util.TestPipeToStream" name="test_pipe_to_large_data" time="0.001" /><testcase classname="test.test_java_util.TestPipeToStream" name="test_pipe_to_closed_reader" time="0.000" /><testcase classname="test.test_java_util.TestWrapPythonStream" name="test_basic_streaming" time="0.001" /><testcase classname="test.test_java_util.TestWrapPythonStream" name="test_large_data_streaming" time="0.066" /><testcase classname="test.test_java_util.TestWrapPythonStream" name="test_empty_stream" time="0.001" /><testcase classname="test.test_java_util.TestWrapPythonStream" name="test_binary_data" time="0.001" /><testcase classname="test.test_java_util.TestWrapPythonStream" name="test_stream_closes_properly" time="0.001" /><testcase classname="test.test_java_util.TestWrapPythonStream" name="test_partial_reads" time="0.001" /><testcase classname="test.test_java_util.TestWrapPythonStream" name="test_concurrent_access" time="0.065" /><testcase classname="test.test_java_util" name="test_creates_parent_directories" time="0.002" /><testcase classname="test.test_java_util" name="test_append_mode" time="0.001" /><testcase classname="test.test_java_util" name="test_str_path_handling" time="0.001" /><testcase classname="test.test_java_util" name="test_file_stream_handles_binary" time="0.001" /><testcase classname="test.test_parse" name="test_parse_to_string_input_types[string]" time="0.619" /><testcase classname="test.test_parse" name="test_parse_to_string_input_types[path]" time="0.384" /><testcase classname="test.test_parse" name="test_parse_to_string_input_types[bytes]" time="0.431" /><testcase classname="test.test_parse" name="test_parse_to_string_input_types[stream]" time="0.410" /><testcase classname="test.test_parse" name="test_parse_to_file_combinations[string-txt]" time="0.357" /><testcase classname="test.test_parse" name="test_parse_to_file_combinations[string-xhtml]" time="0.360" /><testcase classname="test.test_parse" name="test_parse_to_file_combinations[path-txt]" time="0.353" /><testcase classname="test.test_parse" name="test_parse_to_file_combinations[path-xhtml]" time="0.352" /><testcase classname="test.test_parse" name="test_parse_to_file_combinations[bytes-txt]" time="0.373" /><testcase classname="test.test_parse" name="test_parse_to_file_combinations[bytes-xhtml]" time="0.368" /><testcase classname="test.test_parse" name="test_parse_to_file_combinations[stream-txt]" time="0.398" /><testcase classname="test.test_parse" name="test_parse_to_file_combinations[stream-xhtml]" time="0.395" /><testcase classname="test.test_parse" name="test_parse_to_stream_with_content_type[None-string-txt]" time="0.351" /><testcase classname="test.test_parse" name="test_parse_to_stream_with_content_type[None-string-xhtml]" time="0.356" /><testcase classname="test.test_parse" name="test_parse_to_stream_with_content_type[None-path-txt]" time="0.345" /><testcase classname="test.test_parse" name="test_parse_to_stream_with_content_type[None-path-xhtml]" time="0.344" /><testcase classname="test.test_parse" name="test_parse_to_stream_with_content_type[None-bytes-txt]" time="0.380" /><testcase classname="test.test_parse" name="test_parse_to_stream_with_content_type[None-bytes-xhtml]" time="0.378" /><testcase classname="test.test_parse" name="test_parse_to_stream_with_content_type[None-stream-txt]" time="0.381" /><testcase classname="test.test_parse" name="test_parse_to_stream_with_content_type[None-stream-xhtml]" time="0.384" /><testcase classname="test.test_parse" name="test_parse_to_stream_with_content_type[application/vnd.openxmlformats-officedocument.wordprocessingml.document-string-txt]" time="0.338" /><testcase classname="test.test_parse" name="test_parse_to_stream_with_content_type[application/vnd.openxmlformats-officedocument.wordprocessingml.document-string-xhtml]" time="0.347" /><testcase classname="test.test_parse" name="test_parse_to_stream_with_content_type[application/vnd.openxmlformats-officedocument.wordprocessingml.document-path-txt]" time="0.338" /><testcase classname="test.test_parse" name="test_parse_to_stream_with_content_type[application/vnd.openxmlformats-officedocument.wordprocessingml.document-path-xhtml]" time="0.339" /><testcase classname="test.test_parse" name="test_parse_to_stream_with_content_type[application/vnd.openxmlformats-officedocument.wordprocessingml.document-bytes-txt]" time="0.371" /><testcase classname="test.test_parse" name="test_parse_to_stream_with_content_type[application/vnd.openxmlformats-officedocument.wordprocessingml.document-bytes-xhtml]" time="0.374" /><testcase classname="test.test_parse" name="test_parse_to_stream_with_content_type[application/vnd.openxmlformats-officedocument.wordprocessingml.document-stream-txt]" time="0.378" /><testcase classname="test.test_parse" name="test_parse_to_stream_with_content_type[application/vnd.openxmlformats-officedocument.wordprocessingml.document-stream-xhtml]" time="0.366" /><testcase classname="test.test_parse" name="test_parse_with_invalid_input" time="0.040" /><testcase classname="test.test_parse" name="test_parse_with_nonexistent_file" time="0.041" /><testcase classname="test.test_parse" name="test_parse_with_default_output_format[invalid]" time="0.333" /><testcase classname="test.test_parse" name="test_parse_with_default_output_format[pdf]" time="0.334" /><testcase classname="test.test_parse" name="test_parse_with_default_output_format[doc]" time="0.338" /><testcase classname="test.test_parse" name="test_parse_different_file_types[application/vnd.openxmlformats-officedocument.wordprocessingml.document-demo_docx]" time="0.340" /><testcase classname="test.test_parse" name="test_parse_different_file_types[application/pdf-test_pdf_child_attachments]" time="1.455" /><testcase classname="test.test_parse" name="test_parse_different_file_types[text/plain-basic_txt]" time="0.044" /><testcase classname="test.test_parse" name="test_parse_different_file_types[text/html-basic_html]" time="0.061" /><testcase classname="test.test_parse" name="test_parse_metadata_compare_with_tika_server[string-demo_docx-application/vnd.openxmlformats-officedocument.wordprocessingml.document-expected_missing0]" time="2.005" /><testcase classname="test.test_parse" name="test_parse_metadata_compare_with_tika_server[file-demo_docx-application/vnd.openxmlformats-officedocument.wordprocessingml.document-expected_missing1]" time="0.399" /><testcase classname="test.test_parse" name="test_parse_metadata_compare_with_tika_server[stream-demo_docx-application/vnd.openxmlformats-officedocument.wordprocessingml.document-expected_missing2]" time="0.430" /><testcase classname="test.test_parse" name="test_parse_metadata_compare_with_tika_server[string-test_pdf_child_attachments-application/pdf-expected_missing3]" time="1.883" /><testcase classname="test.test_parse" name="test_parse_metadata_compare_with_tika_server[file-test_pdf_child_attachments-application/pdf-expected_missing4]" time="1.456" /><testcase classname="test.test_parse" name="test_parse_metadata_compare_with_tika_server[stream-test_pdf_child_attachments-application/pdf-expected_missing5]" time="1.272" /><testcase classname="test.test_parse" name="test_parse_content_compare_with_tika_server[string]" time="0.401" /><testcase classname="test.test_parse" name="test_parse_content_compare_with_tika_server[path]" time="0.385" /><testcase classname="test.test_parse" name="test_parse_content_compare_with_tika_server[bytes]" time="0.423" /><testcase classname="test.test_parse" name="test_parse_content_compare_with_tika_server[stream]" time="0.698" /><testcase classname="test.test_tika_util" name="test_metadata_to_dict" time="0.001" /><testcase classname="test.test_tika_util" name="test_tikara_unpacked_item" time="0.000" /><testcase classname="test.test_tika_util" name="test_language_confidence_enum" time="0.000" /><testcase classname="test.test_tika_util" name="test_tika_input_stream_with_path" time="0.001" /><testcase classname="test.test_tika_util" name="test_tika_input_stream_with_bytes" time="0.000" /><testcase classname="test.test_tika_util" name="test_tika_input_stream_with_binary_io" time="0.001" /><testcase classname="test.test_tika_util" name="test_tika_input_stream_invalid_input" time="0.000" /><testcase classname="test.test_tika_util.TesttikaraEmbeddedDocumentExtractor" name="test_parse_embedded_basic" time="0.001" /><testcase classname="test.test_tika_util.TesttikaraEmbeddedDocumentExtractor" name="test_parse_embedded_max_depth" time="0.001" /><testcase classname="test.test_tika_util.TesttikaraEmbeddedDocumentExtractor" name="test_should_parse_embedded" time="0.001" /><testcase classname="test.test_unpack" name="test_unpack_docx_with_embedded_files[test_recursive_embedded_docx-expected_embedded_file_names0-1]" time="0.118" /><testcase classname="test.test_unpack" name="test_unpack_docx_with_embedded_files[test_recursive_embedded_docx-expected_embedded_file_names1-2]" time="0.070" /><testcase classname="test.test_unpack" name="test_unpack_docx_with_embedded_files[demo_docx-expected_embedded_file_names2-1]" time="0.355" /><testcase classname="test.test_unpack" name="test_unpack_docx_with_embedded_files[demo_docx-expected_embedded_file_names3-2]" time="0.359" /><testcase classname="test.test_unpack" name="test_unpack_docx_with_embedded_files[basic_txt-expected_embedded_file_names4-1]" time="0.042" /><testcase classname="test.test_unpack" name="test_unpack_docx_with_embedded_files[basic_txt-expected_embedded_file_names5-2]" time="0.039" /><testcase classname="test.test_unpack" name="test_unpack_nonexistent_file" time="0.040" /><testcase classname="test.test_unpack" name="test_unpack_compare_with_tika_server[test_recursive_embedded_docx-expected_embedded_file_names0]" time="1.621" /><testcase classname="test.test_unpack" name="test_unpack_compare_with_tika_server[demo_docx-expected_embedded_file_names1]" time="0.490" /><testcase classname="test.test_unpack" name="test_unpack_compare_with_tika_server[basic_txt-expected_embedded_file_names2]" time="0.232"><skipped type="pytest.skip" message="No embedded files to test">/home/nbaughman/Projects/py-tika/test/test_unpack.py:100: No embedded files to test</skipped></testcase></testsuite></testsuites>